ERROR - 2024-04-29 15:05:14 --> mysqli_sql_exception: Incorrect column name 'use_username ' in C:\wamp64\www\AppGestao\vendor\codeigniter4\framework\system\Database\MySQLi\Connection.php:308
Stack trace:
#0 C:\wamp64\www\AppGestao\vendor\codeigniter4\framework\system\Database\MySQLi\Connection.php(308): mysqli->query('CREATE TABLE `c...', 0)
#1 C:\wamp64\www\AppGestao\vendor\codeigniter4\framework\system\Database\BaseConnection.php(722): CodeIgniter\Database\MySQLi\Connection->execute('CREATE TABLE `c...')
#2 C:\wamp64\www\AppGestao\vendor\codeigniter4\framework\system\Database\BaseConnection.php(636): CodeIgniter\Database\BaseConnection->simpleQuery('CREATE TABLE `c...')
#3 C:\wamp64\www\AppGestao\vendor\codeigniter4\framework\system\Database\Forge.php(570): CodeIgniter\Database\BaseConnection->query('CREATE TABLE `c...')
#4 C:\wamp64\www\AppGestao\app\Database\Migrations\2024-04-29-145642_usuario.php(80): CodeIgniter\Database\Forge->createTable('cad_usuario')
#5 C:\wamp64\www\AppGestao\vendor\codeigniter4\framework\system\Database\MigrationRunner.php(867): App\Database\Migrations\Usuario->up()
#6 C:\wamp64\www\AppGestao\vendor\codeigniter4\framework\system\Database\MigrationRunner.php(183): CodeIgniter\Database\MigrationRunner->migrate('up', Object(stdClass))
#7 C:\wamp64\www\AppGestao\vendor\codeigniter4\framework\system\Commands\Database\Migrate.php(85): CodeIgniter\Database\MigrationRunner->latest(NULL)
#8 C:\wamp64\www\AppGestao\vendor\codeigniter4\framework\system\CLI\Commands.php(70): CodeIgniter\Commands\Database\Migrate->run(Array)
#9 C:\wamp64\www\AppGestao\vendor\codeigniter4\framework\system\CLI\Console.php(48): CodeIgniter\CLI\Commands->run('migrate', Array)
#10 C:\wamp64\www\AppGestao\vendor\codeigniter4\framework\system\Boot.php(338): CodeIgniter\CLI\Console->run()
#11 C:\wamp64\www\AppGestao\vendor\codeigniter4\framework\system\Boot.php(104): CodeIgniter\Boot::runCommand(Object(CodeIgniter\CLI\Console))
#12 C:\wamp64\www\AppGestao\spark(84): CodeIgniter\Boot::bootSpark(Object(Config\Paths))
#13 {main}
ERROR - 2024-04-29 15:06:23 --> mysqli_sql_exception: Incorrect column name 'permissao_id ' in C:\wamp64\www\AppGestao\vendor\codeigniter4\framework\system\Database\MySQLi\Connection.php:308
Stack trace:
#0 C:\wamp64\www\AppGestao\vendor\codeigniter4\framework\system\Database\MySQLi\Connection.php(308): mysqli->query('CREATE TABLE `c...', 0)
#1 C:\wamp64\www\AppGestao\vendor\codeigniter4\framework\system\Database\BaseConnection.php(722): CodeIgniter\Database\MySQLi\Connection->execute('CREATE TABLE `c...')
#2 C:\wamp64\www\AppGestao\vendor\codeigniter4\framework\system\Database\BaseConnection.php(636): CodeIgniter\Database\BaseConnection->simpleQuery('CREATE TABLE `c...')
#3 C:\wamp64\www\AppGestao\vendor\codeigniter4\framework\system\Database\Forge.php(570): CodeIgniter\Database\BaseConnection->query('CREATE TABLE `c...')
#4 C:\wamp64\www\AppGestao\app\Database\Migrations\2024-04-29-145642_usuario.php(80): CodeIgniter\Database\Forge->createTable('cad_usuario')
#5 C:\wamp64\www\AppGestao\vendor\codeigniter4\framework\system\Database\MigrationRunner.php(867): App\Database\Migrations\Usuario->up()
#6 C:\wamp64\www\AppGestao\vendor\codeigniter4\framework\system\Database\MigrationRunner.php(183): CodeIgniter\Database\MigrationRunner->migrate('up', Object(stdClass))
#7 C:\wamp64\www\AppGestao\vendor\codeigniter4\framework\system\Commands\Database\Migrate.php(85): CodeIgniter\Database\MigrationRunner->latest(NULL)
#8 C:\wamp64\www\AppGestao\vendor\codeigniter4\framework\system\CLI\Commands.php(70): CodeIgniter\Commands\Database\Migrate->run(Array)
#9 C:\wamp64\www\AppGestao\vendor\codeigniter4\framework\system\CLI\Console.php(48): CodeIgniter\CLI\Commands->run('migrate', Array)
#10 C:\wamp64\www\AppGestao\vendor\codeigniter4\framework\system\Boot.php(338): CodeIgniter\CLI\Console->run()
#11 C:\wamp64\www\AppGestao\vendor\codeigniter4\framework\system\Boot.php(104): CodeIgniter\Boot::runCommand(Object(CodeIgniter\CLI\Console))
#12 C:\wamp64\www\AppGestao\spark(84): CodeIgniter\Boot::bootSpark(Object(Config\Paths))
#13 {main}
INFO - 2024-04-29 15:21:13 --> REDIRECTED ROUTE at http://localhost:8080/autenticacao/login
CRITICAL - 2024-04-29 15:21:13 --> CodeIgniter\Filters\Exceptions\FilterException: "logado" filter must have a matching alias defined.
[Method: GET, Route: autenticacao/login]
in SYSTEMPATH\Filters\Filters.php on line 495.
 1 SYSTEMPATH\Filters\Filters.php(495): CodeIgniter\Filters\Exceptions\FilterException::forNoAlias('logado')
 2 SYSTEMPATH\Filters\Filters.php(547): CodeIgniter\Filters\Filters->enableFilter('logado', 'before')
 3 SYSTEMPATH\CodeIgniter.php(469): CodeIgniter\Filters\Filters->enableFilters([...], 'before')
 4 SYSTEMPATH\CodeIgniter.php(355): CodeIgniter\CodeIgniter->handleRequest(null, Object(Config\Cache), false)
 5 SYSTEMPATH\Boot.php(312): CodeIgniter\CodeIgniter->run()
 6 SYSTEMPATH\Boot.php(67): CodeIgniter\Boot::runCodeIgniter(Object(CodeIgniter\CodeIgniter))
 7 FCPATH\index.php(56): CodeIgniter\Boot::bootWeb(Object(Config\Paths))
 8 SYSTEMPATH\Commands\Server\rewrite.php(49): require_once('C:\\wamp64\\www\\AppGestao\\public\\index.php')
CRITICAL - 2024-04-29 15:21:50 --> CodeIgniter\View\Exceptions\ViewException: Invalid file: "autenticacao/login.php"
[Method: GET, Route: autenticacao/login]
in SYSTEMPATH\Exceptions\FrameworkException.php on line 41.
 1 SYSTEMPATH\View\View.php(222): CodeIgniter\Exceptions\FrameworkException::forInvalidFile('autenticacao/login.php')
 2 SYSTEMPATH\Common.php(1171): CodeIgniter\View\View->render('autenticacao/login', [], true)
 3 APPPATH\Controllers\App\Autenticacao.php(13): view('autenticacao/login', [])
 4 SYSTEMPATH\CodeIgniter.php(933): App\Controllers\App\Autenticacao->index()
 5 SYSTEMPATH\CodeIgniter.php(509): CodeIgniter\CodeIgniter->runController(Object(App\Controllers\App\Autenticacao))
 6 SYSTEMPATH\CodeIgniter.php(355): CodeIgniter\CodeIgniter->handleRequest(null, Object(Config\Cache), false)
 7 SYSTEMPATH\Boot.php(312): CodeIgniter\CodeIgniter->run()
 8 SYSTEMPATH\Boot.php(67): CodeIgniter\Boot::runCodeIgniter(Object(CodeIgniter\CodeIgniter))
 9 FCPATH\index.php(56): CodeIgniter\Boot::bootWeb(Object(Config\Paths))
10 SYSTEMPATH\Commands\Server\rewrite.php(49): require_once('C:\\wamp64\\www\\AppGestao\\public\\index.php')
CRITICAL - 2024-04-29 15:22:55 --> Error: Call to undefined function dadosEmpresa()
[Method: GET, Route: autenticacao/login]
in APPPATH\Views\_layout\login.php on line 7.
 1 SYSTEMPATH\View\View.php(234): include()
 2 SYSTEMPATH\View\View.php(237): CodeIgniter\View\View->CodeIgniter\View\{closure}()
 3 SYSTEMPATH\View\View.php(250): CodeIgniter\View\View->render('_layout/login', [], true)
 4 SYSTEMPATH\Common.php(1171): CodeIgniter\View\View->render('autenticacao/login', [], true)
 5 APPPATH\Controllers\App\Autenticacao.php(13): view('autenticacao/login', [])
 6 SYSTEMPATH\CodeIgniter.php(933): App\Controllers\App\Autenticacao->index()
 7 SYSTEMPATH\CodeIgniter.php(509): CodeIgniter\CodeIgniter->runController(Object(App\Controllers\App\Autenticacao))
 8 SYSTEMPATH\CodeIgniter.php(355): CodeIgniter\CodeIgniter->handleRequest(null, Object(Config\Cache), false)
 9 SYSTEMPATH\Boot.php(312): CodeIgniter\CodeIgniter->run()
10 SYSTEMPATH\Boot.php(67): CodeIgniter\Boot::runCodeIgniter(Object(CodeIgniter\CodeIgniter))
11 FCPATH\index.php(56): CodeIgniter\Boot::bootWeb(Object(Config\Paths))
12 SYSTEMPATH\Commands\Server\rewrite.php(49): require_once('C:\\wamp64\\www\\AppGestao\\public\\index.php')
CRITICAL - 2024-04-29 15:23:38 --> Error: Call to undefined function setTitle()
[Method: GET, Route: autenticacao/login]
in APPPATH\Views\_layout\login.php on line 7.
 1 SYSTEMPATH\View\View.php(234): include()
 2 SYSTEMPATH\View\View.php(237): CodeIgniter\View\View->CodeIgniter\View\{closure}()
 3 SYSTEMPATH\View\View.php(250): CodeIgniter\View\View->render('_layout/login', [], true)
 4 SYSTEMPATH\Common.php(1171): CodeIgniter\View\View->render('autenticacao/login', [], true)
 5 APPPATH\Controllers\App\Autenticacao.php(13): view('autenticacao/login', [])
 6 SYSTEMPATH\CodeIgniter.php(933): App\Controllers\App\Autenticacao->index()
 7 SYSTEMPATH\CodeIgniter.php(509): CodeIgniter\CodeIgniter->runController(Object(App\Controllers\App\Autenticacao))
 8 SYSTEMPATH\CodeIgniter.php(355): CodeIgniter\CodeIgniter->handleRequest(null, Object(Config\Cache), false)
 9 SYSTEMPATH\Boot.php(312): CodeIgniter\CodeIgniter->run()
10 SYSTEMPATH\Boot.php(67): CodeIgniter\Boot::runCodeIgniter(Object(CodeIgniter\CodeIgniter))
11 FCPATH\index.php(56): CodeIgniter\Boot::bootWeb(Object(Config\Paths))
12 SYSTEMPATH\Commands\Server\rewrite.php(49): require_once('C:\\wamp64\\www\\AppGestao\\public\\index.php')
CRITICAL - 2024-04-29 15:33:48 --> Error: Call to a member function login() on null
[Method: POST, Route: api/autenticacao/login]
in APPPATH\Controllers\Api\v1\Configuracao\Autenticacao.php on line 59.
 1 SYSTEMPATH\CodeIgniter.php(933): App\Controllers\Api\v1\Configuracao\Autenticacao->index()
 2 SYSTEMPATH\CodeIgniter.php(509): CodeIgniter\CodeIgniter->runController(Object(App\Controllers\Api\v1\Configuracao\Autenticacao))
 3 SYSTEMPATH\CodeIgniter.php(355): CodeIgniter\CodeIgniter->handleRequest(null, Object(Config\Cache), false)
 4 SYSTEMPATH\Boot.php(312): CodeIgniter\CodeIgniter->run()
 5 SYSTEMPATH\Boot.php(67): CodeIgniter\Boot::runCodeIgniter(Object(CodeIgniter\CodeIgniter))
 6 FCPATH\index.php(56): CodeIgniter\Boot::bootWeb(Object(Config\Paths))
 7 SYSTEMPATH\Commands\Server\rewrite.php(49): require_once('C:\\wamp64\\www\\AppGestao\\public\\index.php')
CRITICAL - 2024-04-29 15:33:52 --> Error: Call to a member function login() on null
[Method: POST, Route: api/autenticacao/login]
in APPPATH\Controllers\Api\v1\Configuracao\Autenticacao.php on line 59.
 1 SYSTEMPATH\CodeIgniter.php(933): App\Controllers\Api\v1\Configuracao\Autenticacao->index()
 2 SYSTEMPATH\CodeIgniter.php(509): CodeIgniter\CodeIgniter->runController(Object(App\Controllers\Api\v1\Configuracao\Autenticacao))
 3 SYSTEMPATH\CodeIgniter.php(355): CodeIgniter\CodeIgniter->handleRequest(null, Object(Config\Cache), false)
 4 SYSTEMPATH\Boot.php(312): CodeIgniter\CodeIgniter->run()
 5 SYSTEMPATH\Boot.php(67): CodeIgniter\Boot::runCodeIgniter(Object(CodeIgniter\CodeIgniter))
 6 FCPATH\index.php(56): CodeIgniter\Boot::bootWeb(Object(Config\Paths))
 7 SYSTEMPATH\Commands\Server\rewrite.php(49): require_once('C:\\wamp64\\www\\AppGestao\\public\\index.php')
CRITICAL - 2024-04-29 15:34:25 --> Error: Call to a member function login() on null
[Method: POST, Route: api/autenticacao/login]
in APPPATH\Controllers\Api\v1\Configuracao\Autenticacao.php on line 59.
 1 SYSTEMPATH\CodeIgniter.php(933): App\Controllers\Api\v1\Configuracao\Autenticacao->index()
 2 SYSTEMPATH\CodeIgniter.php(509): CodeIgniter\CodeIgniter->runController(Object(App\Controllers\Api\v1\Configuracao\Autenticacao))
 3 SYSTEMPATH\CodeIgniter.php(355): CodeIgniter\CodeIgniter->handleRequest(null, Object(Config\Cache), false)
 4 SYSTEMPATH\Boot.php(312): CodeIgniter\CodeIgniter->run()
 5 SYSTEMPATH\Boot.php(67): CodeIgniter\Boot::runCodeIgniter(Object(CodeIgniter\CodeIgniter))
 6 FCPATH\index.php(56): CodeIgniter\Boot::bootWeb(Object(Config\Paths))
 7 SYSTEMPATH\Commands\Server\rewrite.php(49): require_once('C:\\wamp64\\www\\AppGestao\\public\\index.php')
CRITICAL - 2024-04-29 15:34:30 --> Error: Call to a member function login() on null
[Method: POST, Route: api/autenticacao/login]
in APPPATH\Controllers\Api\v1\Configuracao\Autenticacao.php on line 59.
 1 SYSTEMPATH\CodeIgniter.php(933): App\Controllers\Api\v1\Configuracao\Autenticacao->index()
 2 SYSTEMPATH\CodeIgniter.php(509): CodeIgniter\CodeIgniter->runController(Object(App\Controllers\Api\v1\Configuracao\Autenticacao))
 3 SYSTEMPATH\CodeIgniter.php(355): CodeIgniter\CodeIgniter->handleRequest(null, Object(Config\Cache), false)
 4 SYSTEMPATH\Boot.php(312): CodeIgniter\CodeIgniter->run()
 5 SYSTEMPATH\Boot.php(67): CodeIgniter\Boot::runCodeIgniter(Object(CodeIgniter\CodeIgniter))
 6 FCPATH\index.php(56): CodeIgniter\Boot::bootWeb(Object(Config\Paths))
 7 SYSTEMPATH\Commands\Server\rewrite.php(49): require_once('C:\\wamp64\\www\\AppGestao\\public\\index.php')
CRITICAL - 2024-04-29 15:35:18 --> Error: Call to a member function login() on null
[Method: POST, Route: api/autenticacao/login]
in APPPATH\Controllers\Api\v1\Configuracao\Autenticacao.php on line 59.
 1 SYSTEMPATH\CodeIgniter.php(933): App\Controllers\Api\v1\Configuracao\Autenticacao->index()
 2 SYSTEMPATH\CodeIgniter.php(509): CodeIgniter\CodeIgniter->runController(Object(App\Controllers\Api\v1\Configuracao\Autenticacao))
 3 SYSTEMPATH\CodeIgniter.php(355): CodeIgniter\CodeIgniter->handleRequest(null, Object(Config\Cache), false)
 4 SYSTEMPATH\Boot.php(312): CodeIgniter\CodeIgniter->run()
 5 SYSTEMPATH\Boot.php(67): CodeIgniter\Boot::runCodeIgniter(Object(CodeIgniter\CodeIgniter))
 6 FCPATH\index.php(56): CodeIgniter\Boot::bootWeb(Object(Config\Paths))
 7 SYSTEMPATH\Commands\Server\rewrite.php(49): require_once('C:\\wamp64\\www\\AppGestao\\public\\index.php')
CRITICAL - 2024-04-29 15:36:28 --> Error: Call to a member function login() on null
[Method: POST, Route: api/autenticacao/login]
in APPPATH\Controllers\Api\v1\Configuracao\Autenticacao.php on line 59.
 1 SYSTEMPATH\CodeIgniter.php(933): App\Controllers\Api\v1\Configuracao\Autenticacao->index()
 2 SYSTEMPATH\CodeIgniter.php(509): CodeIgniter\CodeIgniter->runController(Object(App\Controllers\Api\v1\Configuracao\Autenticacao))
 3 SYSTEMPATH\CodeIgniter.php(355): CodeIgniter\CodeIgniter->handleRequest(null, Object(Config\Cache), false)
 4 SYSTEMPATH\Boot.php(312): CodeIgniter\CodeIgniter->run()
 5 SYSTEMPATH\Boot.php(67): CodeIgniter\Boot::runCodeIgniter(Object(CodeIgniter\CodeIgniter))
 6 FCPATH\index.php(56): CodeIgniter\Boot::bootWeb(Object(Config\Paths))
 7 SYSTEMPATH\Commands\Server\rewrite.php(49): require_once('C:\\wamp64\\www\\AppGestao\\public\\index.php')
CRITICAL - 2024-04-29 15:37:36 --> Error: Call to a member function login() on null
[Method: POST, Route: api/autenticacao/login]
in APPPATH\Controllers\Api\v1\Configuracao\Autenticacao.php on line 57.
 1 SYSTEMPATH\CodeIgniter.php(933): App\Controllers\Api\v1\Configuracao\Autenticacao->index()
 2 SYSTEMPATH\CodeIgniter.php(509): CodeIgniter\CodeIgniter->runController(Object(App\Controllers\Api\v1\Configuracao\Autenticacao))
 3 SYSTEMPATH\CodeIgniter.php(355): CodeIgniter\CodeIgniter->handleRequest(null, Object(Config\Cache), false)
 4 SYSTEMPATH\Boot.php(312): CodeIgniter\CodeIgniter->run()
 5 SYSTEMPATH\Boot.php(67): CodeIgniter\Boot::runCodeIgniter(Object(CodeIgniter\CodeIgniter))
 6 FCPATH\index.php(56): CodeIgniter\Boot::bootWeb(Object(Config\Paths))
 7 SYSTEMPATH\Commands\Server\rewrite.php(49): require_once('C:\\wamp64\\www\\AppGestao\\public\\index.php')
CRITICAL - 2024-04-29 15:40:35 --> Error: Call to a member function login() on null
[Method: POST, Route: api/autenticacao/login]
in APPPATH\Controllers\Api\v1\Configuracao\Autenticacao.php on line 59.
 1 SYSTEMPATH\CodeIgniter.php(933): App\Controllers\Api\v1\Configuracao\Autenticacao->login()
 2 SYSTEMPATH\CodeIgniter.php(509): CodeIgniter\CodeIgniter->runController(Object(App\Controllers\Api\v1\Configuracao\Autenticacao))
 3 SYSTEMPATH\CodeIgniter.php(355): CodeIgniter\CodeIgniter->handleRequest(null, Object(Config\Cache), false)
 4 SYSTEMPATH\Boot.php(312): CodeIgniter\CodeIgniter->run()
 5 SYSTEMPATH\Boot.php(67): CodeIgniter\Boot::runCodeIgniter(Object(CodeIgniter\CodeIgniter))
 6 FCPATH\index.php(56): CodeIgniter\Boot::bootWeb(Object(Config\Paths))
 7 SYSTEMPATH\Commands\Server\rewrite.php(49): require_once('C:\\wamp64\\www\\AppGestao\\public\\index.php')
CRITICAL - 2024-04-29 15:41:02 --> Error: Call to a member function login() on null
[Method: POST, Route: api/autenticacao/login]
in APPPATH\Controllers\Api\v1\Configuracao\Autenticacao.php on line 59.
 1 SYSTEMPATH\CodeIgniter.php(933): App\Controllers\Api\v1\Configuracao\Autenticacao->login()
 2 SYSTEMPATH\CodeIgniter.php(509): CodeIgniter\CodeIgniter->runController(Object(App\Controllers\Api\v1\Configuracao\Autenticacao))
 3 SYSTEMPATH\CodeIgniter.php(355): CodeIgniter\CodeIgniter->handleRequest(null, Object(Config\Cache), false)
 4 SYSTEMPATH\Boot.php(312): CodeIgniter\CodeIgniter->run()
 5 SYSTEMPATH\Boot.php(67): CodeIgniter\Boot::runCodeIgniter(Object(CodeIgniter\CodeIgniter))
 6 FCPATH\index.php(56): CodeIgniter\Boot::bootWeb(Object(Config\Paths))
 7 SYSTEMPATH\Commands\Server\rewrite.php(49): require_once('C:\\wamp64\\www\\AppGestao\\public\\index.php')
CRITICAL - 2024-04-29 15:44:51 --> Error: Call to a member function login() on null
[Method: POST, Route: api/autenticacao/login]
in APPPATH\Controllers\Api\v1\Configuracao\Autenticacao.php on line 62.
 1 SYSTEMPATH\CodeIgniter.php(933): App\Controllers\Api\v1\Configuracao\Autenticacao->login()
 2 SYSTEMPATH\CodeIgniter.php(509): CodeIgniter\CodeIgniter->runController(Object(App\Controllers\Api\v1\Configuracao\Autenticacao))
 3 SYSTEMPATH\CodeIgniter.php(355): CodeIgniter\CodeIgniter->handleRequest(null, Object(Config\Cache), false)
 4 SYSTEMPATH\Boot.php(312): CodeIgniter\CodeIgniter->run()
 5 SYSTEMPATH\Boot.php(67): CodeIgniter\Boot::runCodeIgniter(Object(CodeIgniter\CodeIgniter))
 6 FCPATH\index.php(56): CodeIgniter\Boot::bootWeb(Object(Config\Paths))
 7 SYSTEMPATH\Commands\Server\rewrite.php(49): require_once('C:\\wamp64\\www\\AppGestao\\public\\index.php')
CRITICAL - 2024-04-29 15:44:54 --> Error: Call to a member function login() on null
[Method: POST, Route: api/autenticacao/login]
in APPPATH\Controllers\Api\v1\Configuracao\Autenticacao.php on line 62.
 1 SYSTEMPATH\CodeIgniter.php(933): App\Controllers\Api\v1\Configuracao\Autenticacao->login()
 2 SYSTEMPATH\CodeIgniter.php(509): CodeIgniter\CodeIgniter->runController(Object(App\Controllers\Api\v1\Configuracao\Autenticacao))
 3 SYSTEMPATH\CodeIgniter.php(355): CodeIgniter\CodeIgniter->handleRequest(null, Object(Config\Cache), false)
 4 SYSTEMPATH\Boot.php(312): CodeIgniter\CodeIgniter->run()
 5 SYSTEMPATH\Boot.php(67): CodeIgniter\Boot::runCodeIgniter(Object(CodeIgniter\CodeIgniter))
 6 FCPATH\index.php(56): CodeIgniter\Boot::bootWeb(Object(Config\Paths))
 7 SYSTEMPATH\Commands\Server\rewrite.php(49): require_once('C:\\wamp64\\www\\AppGestao\\public\\index.php')
CRITICAL - 2024-04-29 15:46:45 --> Error: Call to a member function login() on null
[Method: POST, Route: api/autenticacao/login]
in APPPATH\Controllers\Api\v1\Configuracao\Autenticacao.php on line 67.
 1 SYSTEMPATH\CodeIgniter.php(933): App\Controllers\Api\v1\Configuracao\Autenticacao->login()
 2 SYSTEMPATH\CodeIgniter.php(509): CodeIgniter\CodeIgniter->runController(Object(App\Controllers\Api\v1\Configuracao\Autenticacao))
 3 SYSTEMPATH\CodeIgniter.php(355): CodeIgniter\CodeIgniter->handleRequest(null, Object(Config\Cache), false)
 4 SYSTEMPATH\Boot.php(312): CodeIgniter\CodeIgniter->run()
 5 SYSTEMPATH\Boot.php(67): CodeIgniter\Boot::runCodeIgniter(Object(CodeIgniter\CodeIgniter))
 6 FCPATH\index.php(56): CodeIgniter\Boot::bootWeb(Object(Config\Paths))
 7 SYSTEMPATH\Commands\Server\rewrite.php(49): require_once('C:\\wamp64\\www\\AppGestao\\public\\index.php')
CRITICAL - 2024-04-29 15:51:26 --> TypeError: CodeIgniter\Validation\Validation::withRequest(): Argument #1 ($request) must be of type CodeIgniter\HTTP\RequestInterface, array given, called in C:\wamp64\www\AppGestao\app\Controllers\Api\v1\Configuracao\Autenticacao.php on line 52
[Method: POST, Route: api/autenticacao/login]
in SYSTEMPATH\Validation\Validation.php on line 503.
 1 APPPATH\Controllers\Api\v1\Configuracao\Autenticacao.php(52): CodeIgniter\Validation\Validation->withRequest([...])
 2 SYSTEMPATH\CodeIgniter.php(933): App\Controllers\Api\v1\Configuracao\Autenticacao->login()
 3 SYSTEMPATH\CodeIgniter.php(509): CodeIgniter\CodeIgniter->runController(Object(App\Controllers\Api\v1\Configuracao\Autenticacao))
 4 SYSTEMPATH\CodeIgniter.php(355): CodeIgniter\CodeIgniter->handleRequest(null, Object(Config\Cache), false)
 5 SYSTEMPATH\Boot.php(312): CodeIgniter\CodeIgniter->run()
 6 SYSTEMPATH\Boot.php(67): CodeIgniter\Boot::runCodeIgniter(Object(CodeIgniter\CodeIgniter))
 7 FCPATH\index.php(56): CodeIgniter\Boot::bootWeb(Object(Config\Paths))
 8 SYSTEMPATH\Commands\Server\rewrite.php(49): require_once('C:\\wamp64\\www\\AppGestao\\public\\index.php')
CRITICAL - 2024-04-29 15:51:28 --> TypeError: CodeIgniter\Validation\Validation::withRequest(): Argument #1 ($request) must be of type CodeIgniter\HTTP\RequestInterface, array given, called in C:\wamp64\www\AppGestao\app\Controllers\Api\v1\Configuracao\Autenticacao.php on line 52
[Method: POST, Route: api/autenticacao/login]
in SYSTEMPATH\Validation\Validation.php on line 503.
 1 APPPATH\Controllers\Api\v1\Configuracao\Autenticacao.php(52): CodeIgniter\Validation\Validation->withRequest([...])
 2 SYSTEMPATH\CodeIgniter.php(933): App\Controllers\Api\v1\Configuracao\Autenticacao->login()
 3 SYSTEMPATH\CodeIgniter.php(509): CodeIgniter\CodeIgniter->runController(Object(App\Controllers\Api\v1\Configuracao\Autenticacao))
 4 SYSTEMPATH\CodeIgniter.php(355): CodeIgniter\CodeIgniter->handleRequest(null, Object(Config\Cache), false)
 5 SYSTEMPATH\Boot.php(312): CodeIgniter\CodeIgniter->run()
 6 SYSTEMPATH\Boot.php(67): CodeIgniter\Boot::runCodeIgniter(Object(CodeIgniter\CodeIgniter))
 7 FCPATH\index.php(56): CodeIgniter\Boot::bootWeb(Object(Config\Paths))
 8 SYSTEMPATH\Commands\Server\rewrite.php(49): require_once('C:\\wamp64\\www\\AppGestao\\public\\index.php')
CRITICAL - 2024-04-29 15:56:07 --> Error: Call to a member function login() on null
[Method: POST, Route: api/autenticacao/login]
in APPPATH\Controllers\Api\v1\Configuracao\Autenticacao.php on line 52.
 1 SYSTEMPATH\CodeIgniter.php(933): App\Controllers\Api\v1\Configuracao\Autenticacao->index()
 2 SYSTEMPATH\CodeIgniter.php(509): CodeIgniter\CodeIgniter->runController(Object(App\Controllers\Api\v1\Configuracao\Autenticacao))
 3 SYSTEMPATH\CodeIgniter.php(355): CodeIgniter\CodeIgniter->handleRequest(null, Object(Config\Cache), false)
 4 SYSTEMPATH\Boot.php(312): CodeIgniter\CodeIgniter->run()
 5 SYSTEMPATH\Boot.php(67): CodeIgniter\Boot::runCodeIgniter(Object(CodeIgniter\CodeIgniter))
 6 FCPATH\index.php(56): CodeIgniter\Boot::bootWeb(Object(Config\Paths))
 7 SYSTEMPATH\Commands\Server\rewrite.php(49): require_once('C:\\wamp64\\www\\AppGestao\\public\\index.php')
CRITICAL - 2024-04-29 15:58:09 --> Error: Call to a member function login() on null
[Method: POST, Route: api/autenticacao/login]
in APPPATH\Controllers\Api\v1\Configuracao\Autenticacao.php on line 52.
 1 SYSTEMPATH\CodeIgniter.php(933): App\Controllers\Api\v1\Configuracao\Autenticacao->index()
 2 SYSTEMPATH\CodeIgniter.php(509): CodeIgniter\CodeIgniter->runController(Object(App\Controllers\Api\v1\Configuracao\Autenticacao))
 3 SYSTEMPATH\CodeIgniter.php(355): CodeIgniter\CodeIgniter->handleRequest(null, Object(Config\Cache), false)
 4 SYSTEMPATH\Boot.php(312): CodeIgniter\CodeIgniter->run()
 5 SYSTEMPATH\Boot.php(67): CodeIgniter\Boot::runCodeIgniter(Object(CodeIgniter\CodeIgniter))
 6 FCPATH\index.php(56): CodeIgniter\Boot::bootWeb(Object(Config\Paths))
 7 SYSTEMPATH\Commands\Server\rewrite.php(49): require_once('C:\\wamp64\\www\\AppGestao\\public\\index.php')
CRITICAL - 2024-04-29 15:58:29 --> Error: Call to a member function login() on null
[Method: POST, Route: api/autenticacao/login]
in APPPATH\Controllers\Api\v1\Configuracao\Autenticacao.php on line 52.
 1 SYSTEMPATH\CodeIgniter.php(933): App\Controllers\Api\v1\Configuracao\Autenticacao->index()
 2 SYSTEMPATH\CodeIgniter.php(509): CodeIgniter\CodeIgniter->runController(Object(App\Controllers\Api\v1\Configuracao\Autenticacao))
 3 SYSTEMPATH\CodeIgniter.php(355): CodeIgniter\CodeIgniter->handleRequest(null, Object(Config\Cache), false)
 4 SYSTEMPATH\Boot.php(312): CodeIgniter\CodeIgniter->run()
 5 SYSTEMPATH\Boot.php(67): CodeIgniter\Boot::runCodeIgniter(Object(CodeIgniter\CodeIgniter))
 6 FCPATH\index.php(56): CodeIgniter\Boot::bootWeb(Object(Config\Paths))
 7 SYSTEMPATH\Commands\Server\rewrite.php(49): require_once('C:\\wamp64\\www\\AppGestao\\public\\index.php')
CRITICAL - 2024-04-29 15:58:51 --> ErrorException: Undefined variable $login
[Method: POST, Route: api/autenticacao/login]
in APPPATH\Controllers\Api\v1\Configuracao\Autenticacao.php on line 54.
 1 APPPATH\Controllers\Api\v1\Configuracao\Autenticacao.php(54): CodeIgniter\Debug\Exceptions->errorHandler(2, 'Undefined variable $login', 'C:\\wamp64\\www\\AppGestao\\app\\Controllers\\Api\\v1\\Configuracao\\Autenticacao.php', 54)
 2 SYSTEMPATH\CodeIgniter.php(933): App\Controllers\Api\v1\Configuracao\Autenticacao->index()
 3 SYSTEMPATH\CodeIgniter.php(509): CodeIgniter\CodeIgniter->runController(Object(App\Controllers\Api\v1\Configuracao\Autenticacao))
 4 SYSTEMPATH\CodeIgniter.php(355): CodeIgniter\CodeIgniter->handleRequest(null, Object(Config\Cache), false)
 5 SYSTEMPATH\Boot.php(312): CodeIgniter\CodeIgniter->run()
 6 SYSTEMPATH\Boot.php(67): CodeIgniter\Boot::runCodeIgniter(Object(CodeIgniter\CodeIgniter))
 7 FCPATH\index.php(56): CodeIgniter\Boot::bootWeb(Object(Config\Paths))
 8 SYSTEMPATH\Commands\Server\rewrite.php(49): require_once('C:\\wamp64\\www\\AppGestao\\public\\index.php')
INFO - 2024-04-29 16:02:30 --> Session: Class initialized using 'CodeIgniter\Session\Handlers\FileHandler' driver.
ERROR - 2024-04-29 16:02:30 --> mysqli_sql_exception: Unknown column 'id_usuario' in 'where clause' in C:\wamp64\www\AppGestao\vendor\codeigniter4\framework\system\Database\MySQLi\Connection.php:308
Stack trace:
#0 C:\wamp64\www\AppGestao\vendor\codeigniter4\framework\system\Database\MySQLi\Connection.php(308): mysqli->query('SELECT *\nFROM `...', 0)
#1 C:\wamp64\www\AppGestao\vendor\codeigniter4\framework\system\Database\BaseConnection.php(722): CodeIgniter\Database\MySQLi\Connection->execute('SELECT *\nFROM `...')
#2 C:\wamp64\www\AppGestao\vendor\codeigniter4\framework\system\Database\BaseConnection.php(636): CodeIgniter\Database\BaseConnection->simpleQuery('SELECT *\nFROM `...')
#3 C:\wamp64\www\AppGestao\vendor\codeigniter4\framework\system\Database\BaseBuilder.php(1629): CodeIgniter\Database\BaseConnection->query('SELECT *\nFROM `...', Array, false)
#4 C:\wamp64\www\AppGestao\vendor\codeigniter4\framework\system\Model.php(319): CodeIgniter\Database\BaseBuilder->get()
#5 C:\wamp64\www\AppGestao\vendor\codeigniter4\framework\system\BaseModel.php(714): CodeIgniter\Model->doFirst()
#6 C:\wamp64\www\AppGestao\app\Models\Configuracao\UsuarioModel.php(80): CodeIgniter\BaseModel->first()
#7 C:\wamp64\www\AppGestao\app\Libraries\Autenticacao.php(49): App\Models\Configuracao\UsuarioModel->getUsuarioId(NULL)
#8 C:\wamp64\www\AppGestao\app\Controllers\Api\v1\Configuracao\Autenticacao.php(70): App\Libraries\Autenticacao->usuarioLogado()
#9 C:\wamp64\www\AppGestao\vendor\codeigniter4\framework\system\CodeIgniter.php(933): App\Controllers\Api\v1\Configuracao\Autenticacao->login()
#10 C:\wamp64\www\AppGestao\vendor\codeigniter4\framework\system\CodeIgniter.php(509): CodeIgniter\CodeIgniter->runController(Object(App\Controllers\Api\v1\Configuracao\Autenticacao))
#11 C:\wamp64\www\AppGestao\vendor\codeigniter4\framework\system\CodeIgniter.php(355): CodeIgniter\CodeIgniter->handleRequest(NULL, Object(Config\Cache), false)
#12 C:\wamp64\www\AppGestao\vendor\codeigniter4\framework\system\Boot.php(312): CodeIgniter\CodeIgniter->run()
#13 C:\wamp64\www\AppGestao\vendor\codeigniter4\framework\system\Boot.php(67): CodeIgniter\Boot::runCodeIgniter(Object(CodeIgniter\CodeIgniter))
#14 C:\wamp64\www\AppGestao\public\index.php(56): CodeIgniter\Boot::bootWeb(Object(Config\Paths))
#15 C:\wamp64\www\AppGestao\vendor\codeigniter4\framework\system\Commands\Server\rewrite.php(49): require_once('C:\\wamp64\\www\\A...')
#16 {main}
CRITICAL - 2024-04-29 16:02:30 --> CodeIgniter\Database\Exceptions\DatabaseException: Unknown column 'id_usuario' in 'where clause'
[Method: POST, Route: api/autenticacao/login]
in SYSTEMPATH\Database\BaseConnection.php on line 676.
 1 SYSTEMPATH\Database\BaseBuilder.php(1629): CodeIgniter\Database\BaseConnection->query('SELECT *
FROM `cad_usuario`
WHERE `id_usuario` IS NULL
 LIMIT 1', [], false)
 2 SYSTEMPATH\Model.php(319): CodeIgniter\Database\BaseBuilder->get()
 3 SYSTEMPATH\BaseModel.php(714): CodeIgniter\Model->doFirst()
 4 APPPATH\Models\Configuracao\UsuarioModel.php(80): CodeIgniter\BaseModel->first()
 5 APPPATH\Libraries\Autenticacao.php(49): App\Models\Configuracao\UsuarioModel->getUsuarioId(null)
 6 APPPATH\Controllers\Api\v1\Configuracao\Autenticacao.php(70): App\Libraries\Autenticacao->usuarioLogado()
 7 SYSTEMPATH\CodeIgniter.php(933): App\Controllers\Api\v1\Configuracao\Autenticacao->login()
 8 SYSTEMPATH\CodeIgniter.php(509): CodeIgniter\CodeIgniter->runController(Object(App\Controllers\Api\v1\Configuracao\Autenticacao))
 9 SYSTEMPATH\CodeIgniter.php(355): CodeIgniter\CodeIgniter->handleRequest(null, Object(Config\Cache), false)
10 SYSTEMPATH\Boot.php(312): CodeIgniter\CodeIgniter->run()
11 SYSTEMPATH\Boot.php(67): CodeIgniter\Boot::runCodeIgniter(Object(CodeIgniter\CodeIgniter))
12 FCPATH\index.php(56): CodeIgniter\Boot::bootWeb(Object(Config\Paths))
13 SYSTEMPATH\Commands\Server\rewrite.php(49): require_once('C:\\wamp64\\www\\AppGestao\\public\\index.php')
CRITICAL - 2024-04-29 16:02:30 --> [Caused by] CodeIgniter\Database\Exceptions\DatabaseException: Unknown column 'id_usuario' in 'where clause'
in SYSTEMPATH\Database\MySQLi\Connection.php on line 313.
 1 SYSTEMPATH\Database\BaseConnection.php(722): CodeIgniter\Database\MySQLi\Connection->execute('SELECT *
FROM `cad_usuario`
WHERE `id_usuario` IS NULL
 LIMIT 1')
 2 SYSTEMPATH\Database\BaseConnection.php(636): CodeIgniter\Database\BaseConnection->simpleQuery('SELECT *
FROM `cad_usuario`
WHERE `id_usuario` IS NULL
 LIMIT 1')
 3 SYSTEMPATH\Database\BaseBuilder.php(1629): CodeIgniter\Database\BaseConnection->query('SELECT *
FROM `cad_usuario`
WHERE `id_usuario` IS NULL
 LIMIT 1', [], false)
 4 SYSTEMPATH\Model.php(319): CodeIgniter\Database\BaseBuilder->get()
 5 SYSTEMPATH\BaseModel.php(714): CodeIgniter\Model->doFirst()
 6 APPPATH\Models\Configuracao\UsuarioModel.php(80): CodeIgniter\BaseModel->first()
 7 APPPATH\Libraries\Autenticacao.php(49): App\Models\Configuracao\UsuarioModel->getUsuarioId(null)
 8 APPPATH\Controllers\Api\v1\Configuracao\Autenticacao.php(70): App\Libraries\Autenticacao->usuarioLogado()
 9 SYSTEMPATH\CodeIgniter.php(933): App\Controllers\Api\v1\Configuracao\Autenticacao->login()
10 SYSTEMPATH\CodeIgniter.php(509): CodeIgniter\CodeIgniter->runController(Object(App\Controllers\Api\v1\Configuracao\Autenticacao))
11 SYSTEMPATH\CodeIgniter.php(355): CodeIgniter\CodeIgniter->handleRequest(null, Object(Config\Cache), false)
12 SYSTEMPATH\Boot.php(312): CodeIgniter\CodeIgniter->run()
13 SYSTEMPATH\Boot.php(67): CodeIgniter\Boot::runCodeIgniter(Object(CodeIgniter\CodeIgniter))
14 FCPATH\index.php(56): CodeIgniter\Boot::bootWeb(Object(Config\Paths))
15 SYSTEMPATH\Commands\Server\rewrite.php(49): require_once('C:\\wamp64\\www\\AppGestao\\public\\index.php')
CRITICAL - 2024-04-29 16:02:30 --> [Caused by] mysqli_sql_exception: Unknown column 'id_usuario' in 'where clause'
in SYSTEMPATH\Database\MySQLi\Connection.php on line 308.
 1 SYSTEMPATH\Database\MySQLi\Connection.php(308): mysqli->query('SELECT *
FROM `cad_usuario`
WHERE `id_usuario` IS NULL
 LIMIT 1', 0)
 2 SYSTEMPATH\Database\BaseConnection.php(722): CodeIgniter\Database\MySQLi\Connection->execute('SELECT *
FROM `cad_usuario`
WHERE `id_usuario` IS NULL
 LIMIT 1')
 3 SYSTEMPATH\Database\BaseConnection.php(636): CodeIgniter\Database\BaseConnection->simpleQuery('SELECT *
FROM `cad_usuario`
WHERE `id_usuario` IS NULL
 LIMIT 1')
 4 SYSTEMPATH\Database\BaseBuilder.php(1629): CodeIgniter\Database\BaseConnection->query('SELECT *
FROM `cad_usuario`
WHERE `id_usuario` IS NULL
 LIMIT 1', [], false)
 5 SYSTEMPATH\Model.php(319): CodeIgniter\Database\BaseBuilder->get()
 6 SYSTEMPATH\BaseModel.php(714): CodeIgniter\Model->doFirst()
 7 APPPATH\Models\Configuracao\UsuarioModel.php(80): CodeIgniter\BaseModel->first()
 8 APPPATH\Libraries\Autenticacao.php(49): App\Models\Configuracao\UsuarioModel->getUsuarioId(null)
 9 APPPATH\Controllers\Api\v1\Configuracao\Autenticacao.php(70): App\Libraries\Autenticacao->usuarioLogado()
10 SYSTEMPATH\CodeIgniter.php(933): App\Controllers\Api\v1\Configuracao\Autenticacao->login()
11 SYSTEMPATH\CodeIgniter.php(509): CodeIgniter\CodeIgniter->runController(Object(App\Controllers\Api\v1\Configuracao\Autenticacao))
12 SYSTEMPATH\CodeIgniter.php(355): CodeIgniter\CodeIgniter->handleRequest(null, Object(Config\Cache), false)
13 SYSTEMPATH\Boot.php(312): CodeIgniter\CodeIgniter->run()
14 SYSTEMPATH\Boot.php(67): CodeIgniter\Boot::runCodeIgniter(Object(CodeIgniter\CodeIgniter))
15 FCPATH\index.php(56): CodeIgniter\Boot::bootWeb(Object(Config\Paths))
16 SYSTEMPATH\Commands\Server\rewrite.php(49): require_once('C:\\wamp64\\www\\AppGestao\\public\\index.php')
INFO - 2024-04-29 16:03:30 --> Session: Class initialized using 'CodeIgniter\Session\Handlers\FileHandler' driver.
ERROR - 2024-04-29 16:03:30 --> mysqli_sql_exception: Unknown column 'id_usuario' in 'where clause' in C:\wamp64\www\AppGestao\vendor\codeigniter4\framework\system\Database\MySQLi\Connection.php:308
Stack trace:
#0 C:\wamp64\www\AppGestao\vendor\codeigniter4\framework\system\Database\MySQLi\Connection.php(308): mysqli->query('SELECT *\nFROM `...', 0)
#1 C:\wamp64\www\AppGestao\vendor\codeigniter4\framework\system\Database\BaseConnection.php(722): CodeIgniter\Database\MySQLi\Connection->execute('SELECT *\nFROM `...')
#2 C:\wamp64\www\AppGestao\vendor\codeigniter4\framework\system\Database\BaseConnection.php(636): CodeIgniter\Database\BaseConnection->simpleQuery('SELECT *\nFROM `...')
#3 C:\wamp64\www\AppGestao\vendor\codeigniter4\framework\system\Database\BaseBuilder.php(1629): CodeIgniter\Database\BaseConnection->query('SELECT *\nFROM `...', Array, false)
#4 C:\wamp64\www\AppGestao\vendor\codeigniter4\framework\system\Model.php(319): CodeIgniter\Database\BaseBuilder->get()
#5 C:\wamp64\www\AppGestao\vendor\codeigniter4\framework\system\BaseModel.php(714): CodeIgniter\Model->doFirst()
#6 C:\wamp64\www\AppGestao\app\Models\Configuracao\UsuarioModel.php(80): CodeIgniter\BaseModel->first()
#7 C:\wamp64\www\AppGestao\app\Libraries\Autenticacao.php(49): App\Models\Configuracao\UsuarioModel->getUsuarioId(NULL)
#8 C:\wamp64\www\AppGestao\app\Controllers\Api\v1\Configuracao\Autenticacao.php(70): App\Libraries\Autenticacao->usuarioLogado()
#9 C:\wamp64\www\AppGestao\vendor\codeigniter4\framework\system\CodeIgniter.php(933): App\Controllers\Api\v1\Configuracao\Autenticacao->login()
#10 C:\wamp64\www\AppGestao\vendor\codeigniter4\framework\system\CodeIgniter.php(509): CodeIgniter\CodeIgniter->runController(Object(App\Controllers\Api\v1\Configuracao\Autenticacao))
#11 C:\wamp64\www\AppGestao\vendor\codeigniter4\framework\system\CodeIgniter.php(355): CodeIgniter\CodeIgniter->handleRequest(NULL, Object(Config\Cache), false)
#12 C:\wamp64\www\AppGestao\vendor\codeigniter4\framework\system\Boot.php(312): CodeIgniter\CodeIgniter->run()
#13 C:\wamp64\www\AppGestao\vendor\codeigniter4\framework\system\Boot.php(67): CodeIgniter\Boot::runCodeIgniter(Object(CodeIgniter\CodeIgniter))
#14 C:\wamp64\www\AppGestao\public\index.php(56): CodeIgniter\Boot::bootWeb(Object(Config\Paths))
#15 C:\wamp64\www\AppGestao\vendor\codeigniter4\framework\system\Commands\Server\rewrite.php(49): require_once('C:\\wamp64\\www\\A...')
#16 {main}
CRITICAL - 2024-04-29 16:03:30 --> CodeIgniter\Database\Exceptions\DatabaseException: Unknown column 'id_usuario' in 'where clause'
[Method: POST, Route: api/autenticacao/login]
in SYSTEMPATH\Database\BaseConnection.php on line 676.
 1 SYSTEMPATH\Database\BaseBuilder.php(1629): CodeIgniter\Database\BaseConnection->query('SELECT *
FROM `cad_usuario`
WHERE `id_usuario` IS NULL
 LIMIT 1', [], false)
 2 SYSTEMPATH\Model.php(319): CodeIgniter\Database\BaseBuilder->get()
 3 SYSTEMPATH\BaseModel.php(714): CodeIgniter\Model->doFirst()
 4 APPPATH\Models\Configuracao\UsuarioModel.php(80): CodeIgniter\BaseModel->first()
 5 APPPATH\Libraries\Autenticacao.php(49): App\Models\Configuracao\UsuarioModel->getUsuarioId(null)
 6 APPPATH\Controllers\Api\v1\Configuracao\Autenticacao.php(70): App\Libraries\Autenticacao->usuarioLogado()
 7 SYSTEMPATH\CodeIgniter.php(933): App\Controllers\Api\v1\Configuracao\Autenticacao->login()
 8 SYSTEMPATH\CodeIgniter.php(509): CodeIgniter\CodeIgniter->runController(Object(App\Controllers\Api\v1\Configuracao\Autenticacao))
 9 SYSTEMPATH\CodeIgniter.php(355): CodeIgniter\CodeIgniter->handleRequest(null, Object(Config\Cache), false)
10 SYSTEMPATH\Boot.php(312): CodeIgniter\CodeIgniter->run()
11 SYSTEMPATH\Boot.php(67): CodeIgniter\Boot::runCodeIgniter(Object(CodeIgniter\CodeIgniter))
12 FCPATH\index.php(56): CodeIgniter\Boot::bootWeb(Object(Config\Paths))
13 SYSTEMPATH\Commands\Server\rewrite.php(49): require_once('C:\\wamp64\\www\\AppGestao\\public\\index.php')
CRITICAL - 2024-04-29 16:03:30 --> [Caused by] CodeIgniter\Database\Exceptions\DatabaseException: Unknown column 'id_usuario' in 'where clause'
in SYSTEMPATH\Database\MySQLi\Connection.php on line 313.
 1 SYSTEMPATH\Database\BaseConnection.php(722): CodeIgniter\Database\MySQLi\Connection->execute('SELECT *
FROM `cad_usuario`
WHERE `id_usuario` IS NULL
 LIMIT 1')
 2 SYSTEMPATH\Database\BaseConnection.php(636): CodeIgniter\Database\BaseConnection->simpleQuery('SELECT *
FROM `cad_usuario`
WHERE `id_usuario` IS NULL
 LIMIT 1')
 3 SYSTEMPATH\Database\BaseBuilder.php(1629): CodeIgniter\Database\BaseConnection->query('SELECT *
FROM `cad_usuario`
WHERE `id_usuario` IS NULL
 LIMIT 1', [], false)
 4 SYSTEMPATH\Model.php(319): CodeIgniter\Database\BaseBuilder->get()
 5 SYSTEMPATH\BaseModel.php(714): CodeIgniter\Model->doFirst()
 6 APPPATH\Models\Configuracao\UsuarioModel.php(80): CodeIgniter\BaseModel->first()
 7 APPPATH\Libraries\Autenticacao.php(49): App\Models\Configuracao\UsuarioModel->getUsuarioId(null)
 8 APPPATH\Controllers\Api\v1\Configuracao\Autenticacao.php(70): App\Libraries\Autenticacao->usuarioLogado()
 9 SYSTEMPATH\CodeIgniter.php(933): App\Controllers\Api\v1\Configuracao\Autenticacao->login()
10 SYSTEMPATH\CodeIgniter.php(509): CodeIgniter\CodeIgniter->runController(Object(App\Controllers\Api\v1\Configuracao\Autenticacao))
11 SYSTEMPATH\CodeIgniter.php(355): CodeIgniter\CodeIgniter->handleRequest(null, Object(Config\Cache), false)
12 SYSTEMPATH\Boot.php(312): CodeIgniter\CodeIgniter->run()
13 SYSTEMPATH\Boot.php(67): CodeIgniter\Boot::runCodeIgniter(Object(CodeIgniter\CodeIgniter))
14 FCPATH\index.php(56): CodeIgniter\Boot::bootWeb(Object(Config\Paths))
15 SYSTEMPATH\Commands\Server\rewrite.php(49): require_once('C:\\wamp64\\www\\AppGestao\\public\\index.php')
CRITICAL - 2024-04-29 16:03:30 --> [Caused by] mysqli_sql_exception: Unknown column 'id_usuario' in 'where clause'
in SYSTEMPATH\Database\MySQLi\Connection.php on line 308.
 1 SYSTEMPATH\Database\MySQLi\Connection.php(308): mysqli->query('SELECT *
FROM `cad_usuario`
WHERE `id_usuario` IS NULL
 LIMIT 1', 0)
 2 SYSTEMPATH\Database\BaseConnection.php(722): CodeIgniter\Database\MySQLi\Connection->execute('SELECT *
FROM `cad_usuario`
WHERE `id_usuario` IS NULL
 LIMIT 1')
 3 SYSTEMPATH\Database\BaseConnection.php(636): CodeIgniter\Database\BaseConnection->simpleQuery('SELECT *
FROM `cad_usuario`
WHERE `id_usuario` IS NULL
 LIMIT 1')
 4 SYSTEMPATH\Database\BaseBuilder.php(1629): CodeIgniter\Database\BaseConnection->query('SELECT *
FROM `cad_usuario`
WHERE `id_usuario` IS NULL
 LIMIT 1', [], false)
 5 SYSTEMPATH\Model.php(319): CodeIgniter\Database\BaseBuilder->get()
 6 SYSTEMPATH\BaseModel.php(714): CodeIgniter\Model->doFirst()
 7 APPPATH\Models\Configuracao\UsuarioModel.php(80): CodeIgniter\BaseModel->first()
 8 APPPATH\Libraries\Autenticacao.php(49): App\Models\Configuracao\UsuarioModel->getUsuarioId(null)
 9 APPPATH\Controllers\Api\v1\Configuracao\Autenticacao.php(70): App\Libraries\Autenticacao->usuarioLogado()
10 SYSTEMPATH\CodeIgniter.php(933): App\Controllers\Api\v1\Configuracao\Autenticacao->login()
11 SYSTEMPATH\CodeIgniter.php(509): CodeIgniter\CodeIgniter->runController(Object(App\Controllers\Api\v1\Configuracao\Autenticacao))
12 SYSTEMPATH\CodeIgniter.php(355): CodeIgniter\CodeIgniter->handleRequest(null, Object(Config\Cache), false)
13 SYSTEMPATH\Boot.php(312): CodeIgniter\CodeIgniter->run()
14 SYSTEMPATH\Boot.php(67): CodeIgniter\Boot::runCodeIgniter(Object(CodeIgniter\CodeIgniter))
15 FCPATH\index.php(56): CodeIgniter\Boot::bootWeb(Object(Config\Paths))
16 SYSTEMPATH\Commands\Server\rewrite.php(49): require_once('C:\\wamp64\\www\\AppGestao\\public\\index.php')
INFO - 2024-04-29 16:05:40 --> Session: Class initialized using 'CodeIgniter\Session\Handlers\FileHandler' driver.
CRITICAL - 2024-04-29 16:05:40 --> ErrorException: Attempt to read property "cad_sexo" on null
[Method: POST, Route: api/autenticacao/login]
in APPPATH\Controllers\Api\v1\Configuracao\Autenticacao.php on line 72.
 1 APPPATH\Controllers\Api\v1\Configuracao\Autenticacao.php(72): CodeIgniter\Debug\Exceptions->errorHandler(2, 'Attempt to read property "cad_sexo" on null', 'C:\\wamp64\\www\\AppGestao\\app\\Controllers\\Api\\v1\\Configuracao\\Autenticacao.php', 72)
 2 SYSTEMPATH\CodeIgniter.php(933): App\Controllers\Api\v1\Configuracao\Autenticacao->login()
 3 SYSTEMPATH\CodeIgniter.php(509): CodeIgniter\CodeIgniter->runController(Object(App\Controllers\Api\v1\Configuracao\Autenticacao))
 4 SYSTEMPATH\CodeIgniter.php(355): CodeIgniter\CodeIgniter->handleRequest(null, Object(Config\Cache), false)
 5 SYSTEMPATH\Boot.php(312): CodeIgniter\CodeIgniter->run()
 6 SYSTEMPATH\Boot.php(67): CodeIgniter\Boot::runCodeIgniter(Object(CodeIgniter\CodeIgniter))
 7 FCPATH\index.php(56): CodeIgniter\Boot::bootWeb(Object(Config\Paths))
 8 SYSTEMPATH\Commands\Server\rewrite.php(49): require_once('C:\\wamp64\\www\\AppGestao\\public\\index.php')
INFO - 2024-04-29 16:08:51 --> Session: Class initialized using 'CodeIgniter\Session\Handlers\FileHandler' driver.
CRITICAL - 2024-04-29 16:08:51 --> ErrorException: Attempt to read property "cad_sexo" on null
[Method: POST, Route: api/autenticacao/login]
in APPPATH\Controllers\Api\v1\Configuracao\Autenticacao.php on line 72.
 1 APPPATH\Controllers\Api\v1\Configuracao\Autenticacao.php(72): CodeIgniter\Debug\Exceptions->errorHandler(2, 'Attempt to read property "cad_sexo" on null', 'C:\\wamp64\\www\\AppGestao\\app\\Controllers\\Api\\v1\\Configuracao\\Autenticacao.php', 72)
 2 SYSTEMPATH\CodeIgniter.php(933): App\Controllers\Api\v1\Configuracao\Autenticacao->login()
 3 SYSTEMPATH\CodeIgniter.php(509): CodeIgniter\CodeIgniter->runController(Object(App\Controllers\Api\v1\Configuracao\Autenticacao))
 4 SYSTEMPATH\CodeIgniter.php(355): CodeIgniter\CodeIgniter->handleRequest(null, Object(Config\Cache), false)
 5 SYSTEMPATH\Boot.php(312): CodeIgniter\CodeIgniter->run()
 6 SYSTEMPATH\Boot.php(67): CodeIgniter\Boot::runCodeIgniter(Object(CodeIgniter\CodeIgniter))
 7 FCPATH\index.php(56): CodeIgniter\Boot::bootWeb(Object(Config\Paths))
 8 SYSTEMPATH\Commands\Server\rewrite.php(49): require_once('C:\\wamp64\\www\\AppGestao\\public\\index.php')
INFO - 2024-04-29 16:10:05 --> Session: Class initialized using 'CodeIgniter\Session\Handlers\FileHandler' driver.
CRITICAL - 2024-04-29 16:10:05 --> ErrorException: Attempt to read property "cad_sexo" on null
[Method: POST, Route: api/autenticacao/login]
in APPPATH\Controllers\Api\v1\Configuracao\Autenticacao.php on line 72.
 1 APPPATH\Controllers\Api\v1\Configuracao\Autenticacao.php(72): CodeIgniter\Debug\Exceptions->errorHandler(2, 'Attempt to read property "cad_sexo" on null', 'C:\\wamp64\\www\\AppGestao\\app\\Controllers\\Api\\v1\\Configuracao\\Autenticacao.php', 72)
 2 SYSTEMPATH\CodeIgniter.php(933): App\Controllers\Api\v1\Configuracao\Autenticacao->login()
 3 SYSTEMPATH\CodeIgniter.php(509): CodeIgniter\CodeIgniter->runController(Object(App\Controllers\Api\v1\Configuracao\Autenticacao))
 4 SYSTEMPATH\CodeIgniter.php(355): CodeIgniter\CodeIgniter->handleRequest(null, Object(Config\Cache), false)
 5 SYSTEMPATH\Boot.php(312): CodeIgniter\CodeIgniter->run()
 6 SYSTEMPATH\Boot.php(67): CodeIgniter\Boot::runCodeIgniter(Object(CodeIgniter\CodeIgniter))
 7 FCPATH\index.php(56): CodeIgniter\Boot::bootWeb(Object(Config\Paths))
 8 SYSTEMPATH\Commands\Server\rewrite.php(49): require_once('C:\\wamp64\\www\\AppGestao\\public\\index.php')
INFO - 2024-04-29 16:11:15 --> Session: Class initialized using 'CodeIgniter\Session\Handlers\FileHandler' driver.
CRITICAL - 2024-04-29 16:11:15 --> ErrorException: Attempt to read property "use_sexo" on null
[Method: POST, Route: api/autenticacao/login]
in APPPATH\Controllers\Api\v1\Configuracao\Autenticacao.php on line 72.
 1 APPPATH\Controllers\Api\v1\Configuracao\Autenticacao.php(72): CodeIgniter\Debug\Exceptions->errorHandler(2, 'Attempt to read property "use_sexo" on null', 'C:\\wamp64\\www\\AppGestao\\app\\Controllers\\Api\\v1\\Configuracao\\Autenticacao.php', 72)
 2 SYSTEMPATH\CodeIgniter.php(933): App\Controllers\Api\v1\Configuracao\Autenticacao->login()
 3 SYSTEMPATH\CodeIgniter.php(509): CodeIgniter\CodeIgniter->runController(Object(App\Controllers\Api\v1\Configuracao\Autenticacao))
 4 SYSTEMPATH\CodeIgniter.php(355): CodeIgniter\CodeIgniter->handleRequest(null, Object(Config\Cache), false)
 5 SYSTEMPATH\Boot.php(312): CodeIgniter\CodeIgniter->run()
 6 SYSTEMPATH\Boot.php(67): CodeIgniter\Boot::runCodeIgniter(Object(CodeIgniter\CodeIgniter))
 7 FCPATH\index.php(56): CodeIgniter\Boot::bootWeb(Object(Config\Paths))
 8 SYSTEMPATH\Commands\Server\rewrite.php(49): require_once('C:\\wamp64\\www\\AppGestao\\public\\index.php')
INFO - 2024-04-29 16:12:01 --> Session: Class initialized using 'CodeIgniter\Session\Handlers\FileHandler' driver.
CRITICAL - 2024-04-29 16:12:01 --> ErrorException: Attempt to read property "cad_sexo" on null
[Method: POST, Route: api/autenticacao/login]
in APPPATH\Controllers\Api\v1\Configuracao\Autenticacao.php on line 72.
 1 APPPATH\Controllers\Api\v1\Configuracao\Autenticacao.php(72): CodeIgniter\Debug\Exceptions->errorHandler(2, 'Attempt to read property "cad_sexo" on null', 'C:\\wamp64\\www\\AppGestao\\app\\Controllers\\Api\\v1\\Configuracao\\Autenticacao.php', 72)
 2 SYSTEMPATH\CodeIgniter.php(933): App\Controllers\Api\v1\Configuracao\Autenticacao->login()
 3 SYSTEMPATH\CodeIgniter.php(509): CodeIgniter\CodeIgniter->runController(Object(App\Controllers\Api\v1\Configuracao\Autenticacao))
 4 SYSTEMPATH\CodeIgniter.php(355): CodeIgniter\CodeIgniter->handleRequest(null, Object(Config\Cache), false)
 5 SYSTEMPATH\Boot.php(312): CodeIgniter\CodeIgniter->run()
 6 SYSTEMPATH\Boot.php(67): CodeIgniter\Boot::runCodeIgniter(Object(CodeIgniter\CodeIgniter))
 7 FCPATH\index.php(56): CodeIgniter\Boot::bootWeb(Object(Config\Paths))
 8 SYSTEMPATH\Commands\Server\rewrite.php(49): require_once('C:\\wamp64\\www\\AppGestao\\public\\index.php')
