ERROR - 2024-05-01 00:03:53 --> mysqli_sql_exception: Can't create table `bdapp_gestao`.`cad_subgrupo` (errno: 150 "Foreign key constraint is incorrectly formed") in D:\wamp64\www\AppGestao\vendor\codeigniter4\framework\system\Database\MySQLi\Connection.php:308
Stack trace:
#0 D:\wamp64\www\AppGestao\vendor\codeigniter4\framework\system\Database\MySQLi\Connection.php(308): mysqli->query('CREATE TABLE `c...', 0)
#1 D:\wamp64\www\AppGestao\vendor\codeigniter4\framework\system\Database\BaseConnection.php(722): CodeIgniter\Database\MySQLi\Connection->execute('CREATE TABLE `c...')
#2 D:\wamp64\www\AppGestao\vendor\codeigniter4\framework\system\Database\BaseConnection.php(636): CodeIgniter\Database\BaseConnection->simpleQuery('CREATE TABLE `c...')
#3 D:\wamp64\www\AppGestao\vendor\codeigniter4\framework\system\Database\Forge.php(570): CodeIgniter\Database\BaseConnection->query('CREATE TABLE `c...')
#4 D:\wamp64\www\AppGestao\app\Database\Migrations\2024-04-30-231311_SubGrupoFinanceiro.php(72): CodeIgniter\Database\Forge->createTable('cad_subgrupo', true, Array)
#5 D:\wamp64\www\AppGestao\vendor\codeigniter4\framework\system\Database\MigrationRunner.php(867): App\Database\Migrations\SubGrupoFinanceiro->up()
#6 D:\wamp64\www\AppGestao\vendor\codeigniter4\framework\system\Database\MigrationRunner.php(183): CodeIgniter\Database\MigrationRunner->migrate('up', Object(stdClass))
#7 D:\wamp64\www\AppGestao\vendor\codeigniter4\framework\system\Commands\Database\Migrate.php(85): CodeIgniter\Database\MigrationRunner->latest(NULL)
#8 D:\wamp64\www\AppGestao\vendor\codeigniter4\framework\system\CLI\Commands.php(70): CodeIgniter\Commands\Database\Migrate->run(Array)
#9 D:\wamp64\www\AppGestao\vendor\codeigniter4\framework\system\CLI\BaseCommand.php(119): CodeIgniter\CLI\Commands->run('migrate', Array)
#10 D:\wamp64\www\AppGestao\vendor\codeigniter4\framework\system\Commands\Database\MigrateRefresh.php(87): CodeIgniter\CLI\BaseCommand->call('migrate', Array)
#11 D:\wamp64\www\AppGestao\vendor\codeigniter4\framework\system\CLI\Commands.php(70): CodeIgniter\Commands\Database\MigrateRefresh->run(Array)
#12 D:\wamp64\www\AppGestao\vendor\codeigniter4\framework\system\CLI\Console.php(48): CodeIgniter\CLI\Commands->run('migrate:refresh', Array)
#13 D:\wamp64\www\AppGestao\vendor\codeigniter4\framework\system\Boot.php(338): CodeIgniter\CLI\Console->run()
#14 D:\wamp64\www\AppGestao\vendor\codeigniter4\framework\system\Boot.php(104): CodeIgniter\Boot::runCommand(Object(CodeIgniter\CLI\Console))
#15 D:\wamp64\www\AppGestao\spark(84): CodeIgniter\Boot::bootSpark(Object(Config\Paths))
#16 {main}
ERROR - 2024-05-01 00:04:48 --> mysqli_sql_exception: Can't create table `bdapp_gestao`.`cad_subgrupo` (errno: 150 "Foreign key constraint is incorrectly formed") in D:\wamp64\www\AppGestao\vendor\codeigniter4\framework\system\Database\MySQLi\Connection.php:308
Stack trace:
#0 D:\wamp64\www\AppGestao\vendor\codeigniter4\framework\system\Database\MySQLi\Connection.php(308): mysqli->query('CREATE TABLE `c...', 0)
#1 D:\wamp64\www\AppGestao\vendor\codeigniter4\framework\system\Database\BaseConnection.php(722): CodeIgniter\Database\MySQLi\Connection->execute('CREATE TABLE `c...')
#2 D:\wamp64\www\AppGestao\vendor\codeigniter4\framework\system\Database\BaseConnection.php(636): CodeIgniter\Database\BaseConnection->simpleQuery('CREATE TABLE `c...')
#3 D:\wamp64\www\AppGestao\vendor\codeigniter4\framework\system\Database\Forge.php(570): CodeIgniter\Database\BaseConnection->query('CREATE TABLE `c...')
#4 D:\wamp64\www\AppGestao\app\Database\Migrations\2024-04-30-231311_SubGrupoFinanceiro.php(72): CodeIgniter\Database\Forge->createTable('cad_subgrupo', true, Array)
#5 D:\wamp64\www\AppGestao\vendor\codeigniter4\framework\system\Database\MigrationRunner.php(867): App\Database\Migrations\SubGrupoFinanceiro->up()
#6 D:\wamp64\www\AppGestao\vendor\codeigniter4\framework\system\Database\MigrationRunner.php(183): CodeIgniter\Database\MigrationRunner->migrate('up', Object(stdClass))
#7 D:\wamp64\www\AppGestao\vendor\codeigniter4\framework\system\Commands\Database\Migrate.php(85): CodeIgniter\Database\MigrationRunner->latest(NULL)
#8 D:\wamp64\www\AppGestao\vendor\codeigniter4\framework\system\CLI\Commands.php(70): CodeIgniter\Commands\Database\Migrate->run(Array)
#9 D:\wamp64\www\AppGestao\vendor\codeigniter4\framework\system\CLI\Console.php(48): CodeIgniter\CLI\Commands->run('migrate', Array)
#10 D:\wamp64\www\AppGestao\vendor\codeigniter4\framework\system\Boot.php(338): CodeIgniter\CLI\Console->run()
#11 D:\wamp64\www\AppGestao\vendor\codeigniter4\framework\system\Boot.php(104): CodeIgniter\Boot::runCommand(Object(CodeIgniter\CLI\Console))
#12 D:\wamp64\www\AppGestao\spark(84): CodeIgniter\Boot::bootSpark(Object(Config\Paths))
#13 {main}
ERROR - 2024-05-01 00:07:14 --> mysqli_sql_exception: Can't create table `bdapp_gestao`.`cad_subgrupo` (errno: 150 "Foreign key constraint is incorrectly formed") in D:\wamp64\www\AppGestao\vendor\codeigniter4\framework\system\Database\MySQLi\Connection.php:308
Stack trace:
#0 D:\wamp64\www\AppGestao\vendor\codeigniter4\framework\system\Database\MySQLi\Connection.php(308): mysqli->query('CREATE TABLE `c...', 0)
#1 D:\wamp64\www\AppGestao\vendor\codeigniter4\framework\system\Database\BaseConnection.php(722): CodeIgniter\Database\MySQLi\Connection->execute('CREATE TABLE `c...')
#2 D:\wamp64\www\AppGestao\vendor\codeigniter4\framework\system\Database\BaseConnection.php(636): CodeIgniter\Database\BaseConnection->simpleQuery('CREATE TABLE `c...')
#3 D:\wamp64\www\AppGestao\vendor\codeigniter4\framework\system\Database\Forge.php(570): CodeIgniter\Database\BaseConnection->query('CREATE TABLE `c...')
#4 D:\wamp64\www\AppGestao\app\Database\Migrations\2024-04-30-231311_SubGrupoFinanceiro.php(71): CodeIgniter\Database\Forge->createTable('cad_subgrupo', true, Array)
#5 D:\wamp64\www\AppGestao\vendor\codeigniter4\framework\system\Database\MigrationRunner.php(867): App\Database\Migrations\SubGrupoFinanceiro->up()
#6 D:\wamp64\www\AppGestao\vendor\codeigniter4\framework\system\Database\MigrationRunner.php(183): CodeIgniter\Database\MigrationRunner->migrate('up', Object(stdClass))
#7 D:\wamp64\www\AppGestao\vendor\codeigniter4\framework\system\Commands\Database\Migrate.php(85): CodeIgniter\Database\MigrationRunner->latest(NULL)
#8 D:\wamp64\www\AppGestao\vendor\codeigniter4\framework\system\CLI\Commands.php(70): CodeIgniter\Commands\Database\Migrate->run(Array)
#9 D:\wamp64\www\AppGestao\vendor\codeigniter4\framework\system\CLI\Console.php(48): CodeIgniter\CLI\Commands->run('migrate', Array)
#10 D:\wamp64\www\AppGestao\vendor\codeigniter4\framework\system\Boot.php(338): CodeIgniter\CLI\Console->run()
#11 D:\wamp64\www\AppGestao\vendor\codeigniter4\framework\system\Boot.php(104): CodeIgniter\Boot::runCommand(Object(CodeIgniter\CLI\Console))
#12 D:\wamp64\www\AppGestao\spark(84): CodeIgniter\Boot::bootSpark(Object(Config\Paths))
#13 {main}
ERROR - 2024-05-01 00:08:12 --> mysqli_sql_exception: Can't create table `bdapp_gestao`.`cad_subgrupo` (errno: 150 "Foreign key constraint is incorrectly formed") in D:\wamp64\www\AppGestao\vendor\codeigniter4\framework\system\Database\MySQLi\Connection.php:308
Stack trace:
#0 D:\wamp64\www\AppGestao\vendor\codeigniter4\framework\system\Database\MySQLi\Connection.php(308): mysqli->query('CREATE TABLE `c...', 0)
#1 D:\wamp64\www\AppGestao\vendor\codeigniter4\framework\system\Database\BaseConnection.php(722): CodeIgniter\Database\MySQLi\Connection->execute('CREATE TABLE `c...')
#2 D:\wamp64\www\AppGestao\vendor\codeigniter4\framework\system\Database\BaseConnection.php(636): CodeIgniter\Database\BaseConnection->simpleQuery('CREATE TABLE `c...')
#3 D:\wamp64\www\AppGestao\vendor\codeigniter4\framework\system\Database\Forge.php(570): CodeIgniter\Database\BaseConnection->query('CREATE TABLE `c...')
#4 D:\wamp64\www\AppGestao\app\Database\Migrations\2024-04-30-231311_SubGrupoFinanceiro.php(71): CodeIgniter\Database\Forge->createTable('cad_subgrupo', true, Array)
#5 D:\wamp64\www\AppGestao\vendor\codeigniter4\framework\system\Database\MigrationRunner.php(867): App\Database\Migrations\SubGrupoFinanceiro->up()
#6 D:\wamp64\www\AppGestao\vendor\codeigniter4\framework\system\Database\MigrationRunner.php(183): CodeIgniter\Database\MigrationRunner->migrate('up', Object(stdClass))
#7 D:\wamp64\www\AppGestao\vendor\codeigniter4\framework\system\Commands\Database\Migrate.php(85): CodeIgniter\Database\MigrationRunner->latest(NULL)
#8 D:\wamp64\www\AppGestao\vendor\codeigniter4\framework\system\CLI\Commands.php(70): CodeIgniter\Commands\Database\Migrate->run(Array)
#9 D:\wamp64\www\AppGestao\vendor\codeigniter4\framework\system\CLI\BaseCommand.php(119): CodeIgniter\CLI\Commands->run('migrate', Array)
#10 D:\wamp64\www\AppGestao\vendor\codeigniter4\framework\system\Commands\Database\MigrateRefresh.php(87): CodeIgniter\CLI\BaseCommand->call('migrate', Array)
#11 D:\wamp64\www\AppGestao\vendor\codeigniter4\framework\system\CLI\Commands.php(70): CodeIgniter\Commands\Database\MigrateRefresh->run(Array)
#12 D:\wamp64\www\AppGestao\vendor\codeigniter4\framework\system\CLI\Console.php(48): CodeIgniter\CLI\Commands->run('migrate:refresh', Array)
#13 D:\wamp64\www\AppGestao\vendor\codeigniter4\framework\system\Boot.php(338): CodeIgniter\CLI\Console->run()
#14 D:\wamp64\www\AppGestao\vendor\codeigniter4\framework\system\Boot.php(104): CodeIgniter\Boot::runCommand(Object(CodeIgniter\CLI\Console))
#15 D:\wamp64\www\AppGestao\spark(84): CodeIgniter\Boot::bootSpark(Object(Config\Paths))
#16 {main}
ERROR - 2024-05-01 00:09:18 --> mysqli_sql_exception: Can't create table `bdapp_gestao`.`cad_subgrupo` (errno: 150 "Foreign key constraint is incorrectly formed") in D:\wamp64\www\AppGestao\vendor\codeigniter4\framework\system\Database\MySQLi\Connection.php:308
Stack trace:
#0 D:\wamp64\www\AppGestao\vendor\codeigniter4\framework\system\Database\MySQLi\Connection.php(308): mysqli->query('CREATE TABLE `c...', 0)
#1 D:\wamp64\www\AppGestao\vendor\codeigniter4\framework\system\Database\BaseConnection.php(722): CodeIgniter\Database\MySQLi\Connection->execute('CREATE TABLE `c...')
#2 D:\wamp64\www\AppGestao\vendor\codeigniter4\framework\system\Database\BaseConnection.php(636): CodeIgniter\Database\BaseConnection->simpleQuery('CREATE TABLE `c...')
#3 D:\wamp64\www\AppGestao\vendor\codeigniter4\framework\system\Database\Forge.php(570): CodeIgniter\Database\BaseConnection->query('CREATE TABLE `c...')
#4 D:\wamp64\www\AppGestao\app\Database\Migrations\2024-04-30-231311_SubGrupoFinanceiro.php(71): CodeIgniter\Database\Forge->createTable('cad_subgrupo', true, Array)
#5 D:\wamp64\www\AppGestao\vendor\codeigniter4\framework\system\Database\MigrationRunner.php(867): App\Database\Migrations\SubGrupoFinanceiro->up()
#6 D:\wamp64\www\AppGestao\vendor\codeigniter4\framework\system\Database\MigrationRunner.php(183): CodeIgniter\Database\MigrationRunner->migrate('up', Object(stdClass))
#7 D:\wamp64\www\AppGestao\vendor\codeigniter4\framework\system\Commands\Database\Migrate.php(85): CodeIgniter\Database\MigrationRunner->latest(NULL)
#8 D:\wamp64\www\AppGestao\vendor\codeigniter4\framework\system\CLI\Commands.php(70): CodeIgniter\Commands\Database\Migrate->run(Array)
#9 D:\wamp64\www\AppGestao\vendor\codeigniter4\framework\system\CLI\BaseCommand.php(119): CodeIgniter\CLI\Commands->run('migrate', Array)
#10 D:\wamp64\www\AppGestao\vendor\codeigniter4\framework\system\Commands\Database\MigrateRefresh.php(87): CodeIgniter\CLI\BaseCommand->call('migrate', Array)
#11 D:\wamp64\www\AppGestao\vendor\codeigniter4\framework\system\CLI\Commands.php(70): CodeIgniter\Commands\Database\MigrateRefresh->run(Array)
#12 D:\wamp64\www\AppGestao\vendor\codeigniter4\framework\system\CLI\Console.php(48): CodeIgniter\CLI\Commands->run('migrate:refresh', Array)
#13 D:\wamp64\www\AppGestao\vendor\codeigniter4\framework\system\Boot.php(338): CodeIgniter\CLI\Console->run()
#14 D:\wamp64\www\AppGestao\vendor\codeigniter4\framework\system\Boot.php(104): CodeIgniter\Boot::runCommand(Object(CodeIgniter\CLI\Console))
#15 D:\wamp64\www\AppGestao\spark(84): CodeIgniter\Boot::bootSpark(Object(Config\Paths))
#16 {main}
ERROR - 2024-05-01 00:12:37 --> mysqli_sql_exception: Can't create table `bdapp_gestao`.`cad_subgrupo` (errno: 150 "Foreign key constraint is incorrectly formed") in D:\wamp64\www\AppGestao\vendor\codeigniter4\framework\system\Database\MySQLi\Connection.php:308
Stack trace:
#0 D:\wamp64\www\AppGestao\vendor\codeigniter4\framework\system\Database\MySQLi\Connection.php(308): mysqli->query('CREATE TABLE `c...', 0)
#1 D:\wamp64\www\AppGestao\vendor\codeigniter4\framework\system\Database\BaseConnection.php(722): CodeIgniter\Database\MySQLi\Connection->execute('CREATE TABLE `c...')
#2 D:\wamp64\www\AppGestao\vendor\codeigniter4\framework\system\Database\BaseConnection.php(636): CodeIgniter\Database\BaseConnection->simpleQuery('CREATE TABLE `c...')
#3 D:\wamp64\www\AppGestao\vendor\codeigniter4\framework\system\Database\Forge.php(570): CodeIgniter\Database\BaseConnection->query('CREATE TABLE `c...')
#4 D:\wamp64\www\AppGestao\app\Database\Migrations\2024-04-30-231311_SubGrupoFinanceiro.php(71): CodeIgniter\Database\Forge->createTable('cad_subgrupo', false, Array)
#5 D:\wamp64\www\AppGestao\vendor\codeigniter4\framework\system\Database\MigrationRunner.php(867): App\Database\Migrations\SubGrupoFinanceiro->up()
#6 D:\wamp64\www\AppGestao\vendor\codeigniter4\framework\system\Database\MigrationRunner.php(183): CodeIgniter\Database\MigrationRunner->migrate('up', Object(stdClass))
#7 D:\wamp64\www\AppGestao\vendor\codeigniter4\framework\system\Commands\Database\Migrate.php(85): CodeIgniter\Database\MigrationRunner->latest(NULL)
#8 D:\wamp64\www\AppGestao\vendor\codeigniter4\framework\system\CLI\Commands.php(70): CodeIgniter\Commands\Database\Migrate->run(Array)
#9 D:\wamp64\www\AppGestao\vendor\codeigniter4\framework\system\CLI\BaseCommand.php(119): CodeIgniter\CLI\Commands->run('migrate', Array)
#10 D:\wamp64\www\AppGestao\vendor\codeigniter4\framework\system\Commands\Database\MigrateRefresh.php(87): CodeIgniter\CLI\BaseCommand->call('migrate', Array)
#11 D:\wamp64\www\AppGestao\vendor\codeigniter4\framework\system\CLI\Commands.php(70): CodeIgniter\Commands\Database\MigrateRefresh->run(Array)
#12 D:\wamp64\www\AppGestao\vendor\codeigniter4\framework\system\CLI\Console.php(48): CodeIgniter\CLI\Commands->run('migrate:refresh', Array)
#13 D:\wamp64\www\AppGestao\vendor\codeigniter4\framework\system\Boot.php(338): CodeIgniter\CLI\Console->run()
#14 D:\wamp64\www\AppGestao\vendor\codeigniter4\framework\system\Boot.php(104): CodeIgniter\Boot::runCommand(Object(CodeIgniter\CLI\Console))
#15 D:\wamp64\www\AppGestao\spark(84): CodeIgniter\Boot::bootSpark(Object(Config\Paths))
#16 {main}
ERROR - 2024-05-01 00:14:17 --> mysqli_sql_exception: Can't create table `bdapp_gestao`.`cad_subgrupo` (errno: 150 "Foreign key constraint is incorrectly formed") in D:\wamp64\www\AppGestao\vendor\codeigniter4\framework\system\Database\MySQLi\Connection.php:308
Stack trace:
#0 D:\wamp64\www\AppGestao\vendor\codeigniter4\framework\system\Database\MySQLi\Connection.php(308): mysqli->query('CREATE TABLE `c...', 0)
#1 D:\wamp64\www\AppGestao\vendor\codeigniter4\framework\system\Database\BaseConnection.php(722): CodeIgniter\Database\MySQLi\Connection->execute('CREATE TABLE `c...')
#2 D:\wamp64\www\AppGestao\vendor\codeigniter4\framework\system\Database\BaseConnection.php(636): CodeIgniter\Database\BaseConnection->simpleQuery('CREATE TABLE `c...')
#3 D:\wamp64\www\AppGestao\vendor\codeigniter4\framework\system\Database\Forge.php(570): CodeIgniter\Database\BaseConnection->query('CREATE TABLE `c...')
#4 D:\wamp64\www\AppGestao\app\Database\Migrations\2024-04-30-231311_SubGrupoFinanceiro.php(70): CodeIgniter\Database\Forge->createTable('cad_subgrupo', false, Array)
#5 D:\wamp64\www\AppGestao\vendor\codeigniter4\framework\system\Database\MigrationRunner.php(867): App\Database\Migrations\SubGrupoFinanceiro->up()
#6 D:\wamp64\www\AppGestao\vendor\codeigniter4\framework\system\Database\MigrationRunner.php(183): CodeIgniter\Database\MigrationRunner->migrate('up', Object(stdClass))
#7 D:\wamp64\www\AppGestao\vendor\codeigniter4\framework\system\Commands\Database\Migrate.php(85): CodeIgniter\Database\MigrationRunner->latest(NULL)
#8 D:\wamp64\www\AppGestao\vendor\codeigniter4\framework\system\CLI\Commands.php(70): CodeIgniter\Commands\Database\Migrate->run(Array)
#9 D:\wamp64\www\AppGestao\vendor\codeigniter4\framework\system\CLI\BaseCommand.php(119): CodeIgniter\CLI\Commands->run('migrate', Array)
#10 D:\wamp64\www\AppGestao\vendor\codeigniter4\framework\system\Commands\Database\MigrateRefresh.php(87): CodeIgniter\CLI\BaseCommand->call('migrate', Array)
#11 D:\wamp64\www\AppGestao\vendor\codeigniter4\framework\system\CLI\Commands.php(70): CodeIgniter\Commands\Database\MigrateRefresh->run(Array)
#12 D:\wamp64\www\AppGestao\vendor\codeigniter4\framework\system\CLI\Console.php(48): CodeIgniter\CLI\Commands->run('migrate:refresh', Array)
#13 D:\wamp64\www\AppGestao\vendor\codeigniter4\framework\system\Boot.php(338): CodeIgniter\CLI\Console->run()
#14 D:\wamp64\www\AppGestao\vendor\codeigniter4\framework\system\Boot.php(104): CodeIgniter\Boot::runCommand(Object(CodeIgniter\CLI\Console))
#15 D:\wamp64\www\AppGestao\spark(84): CodeIgniter\Boot::bootSpark(Object(Config\Paths))
#16 {main}
ERROR - 2024-05-01 00:15:11 --> mysqli_sql_exception: Can't create table `bdapp_gestao`.`cad_subgrupo` (errno: 150 "Foreign key constraint is incorrectly formed") in D:\wamp64\www\AppGestao\vendor\codeigniter4\framework\system\Database\MySQLi\Connection.php:308
Stack trace:
#0 D:\wamp64\www\AppGestao\vendor\codeigniter4\framework\system\Database\MySQLi\Connection.php(308): mysqli->query('CREATE TABLE `c...', 0)
#1 D:\wamp64\www\AppGestao\vendor\codeigniter4\framework\system\Database\BaseConnection.php(722): CodeIgniter\Database\MySQLi\Connection->execute('CREATE TABLE `c...')
#2 D:\wamp64\www\AppGestao\vendor\codeigniter4\framework\system\Database\BaseConnection.php(636): CodeIgniter\Database\BaseConnection->simpleQuery('CREATE TABLE `c...')
#3 D:\wamp64\www\AppGestao\vendor\codeigniter4\framework\system\Database\Forge.php(570): CodeIgniter\Database\BaseConnection->query('CREATE TABLE `c...')
#4 D:\wamp64\www\AppGestao\app\Database\Migrations\2024-04-30-231311_SubGrupoFinanceiro.php(71): CodeIgniter\Database\Forge->createTable('cad_subgrupo', false, Array)
#5 D:\wamp64\www\AppGestao\vendor\codeigniter4\framework\system\Database\MigrationRunner.php(867): App\Database\Migrations\SubGrupoFinanceiro->up()
#6 D:\wamp64\www\AppGestao\vendor\codeigniter4\framework\system\Database\MigrationRunner.php(183): CodeIgniter\Database\MigrationRunner->migrate('up', Object(stdClass))
#7 D:\wamp64\www\AppGestao\vendor\codeigniter4\framework\system\Commands\Database\Migrate.php(85): CodeIgniter\Database\MigrationRunner->latest(NULL)
#8 D:\wamp64\www\AppGestao\vendor\codeigniter4\framework\system\CLI\Commands.php(70): CodeIgniter\Commands\Database\Migrate->run(Array)
#9 D:\wamp64\www\AppGestao\vendor\codeigniter4\framework\system\CLI\BaseCommand.php(119): CodeIgniter\CLI\Commands->run('migrate', Array)
#10 D:\wamp64\www\AppGestao\vendor\codeigniter4\framework\system\Commands\Database\MigrateRefresh.php(87): CodeIgniter\CLI\BaseCommand->call('migrate', Array)
#11 D:\wamp64\www\AppGestao\vendor\codeigniter4\framework\system\CLI\Commands.php(70): CodeIgniter\Commands\Database\MigrateRefresh->run(Array)
#12 D:\wamp64\www\AppGestao\vendor\codeigniter4\framework\system\CLI\Console.php(48): CodeIgniter\CLI\Commands->run('migrate:refresh', Array)
#13 D:\wamp64\www\AppGestao\vendor\codeigniter4\framework\system\Boot.php(338): CodeIgniter\CLI\Console->run()
#14 D:\wamp64\www\AppGestao\vendor\codeigniter4\framework\system\Boot.php(104): CodeIgniter\Boot::runCommand(Object(CodeIgniter\CLI\Console))
#15 D:\wamp64\www\AppGestao\spark(84): CodeIgniter\Boot::bootSpark(Object(Config\Paths))
#16 {main}
INFO - 2024-05-01 00:18:12 --> Session: Class initialized using 'CodeIgniter\Session\Handlers\FileHandler' driver.
INFO - 2024-05-01 00:18:14 --> Session: Class initialized using 'CodeIgniter\Session\Handlers\FileHandler' driver.
INFO - 2024-05-01 00:18:15 --> Session: Class initialized using 'CodeIgniter\Session\Handlers\FileHandler' driver.
INFO - 2024-05-01 00:18:15 --> Session: Class initialized using 'CodeIgniter\Session\Handlers\FileHandler' driver.
INFO - 2024-05-01 00:18:38 --> Session: Class initialized using 'CodeIgniter\Session\Handlers\FileHandler' driver.
INFO - 2024-05-01 00:18:39 --> Session: Class initialized using 'CodeIgniter\Session\Handlers\FileHandler' driver.
INFO - 2024-05-01 00:18:39 --> Session: Class initialized using 'CodeIgniter\Session\Handlers\FileHandler' driver.
INFO - 2024-05-01 00:21:06 --> Session: Class initialized using 'CodeIgniter\Session\Handlers\FileHandler' driver.
INFO - 2024-05-01 00:21:08 --> Session: Class initialized using 'CodeIgniter\Session\Handlers\FileHandler' driver.
INFO - 2024-05-01 00:21:08 --> Session: Class initialized using 'CodeIgniter\Session\Handlers\FileHandler' driver.
INFO - 2024-05-01 00:22:41 --> Session: Class initialized using 'CodeIgniter\Session\Handlers\FileHandler' driver.
INFO - 2024-05-01 00:22:42 --> Session: Class initialized using 'CodeIgniter\Session\Handlers\FileHandler' driver.
INFO - 2024-05-01 00:22:43 --> Session: Class initialized using 'CodeIgniter\Session\Handlers\FileHandler' driver.
INFO - 2024-05-01 00:24:21 --> Session: Class initialized using 'CodeIgniter\Session\Handlers\FileHandler' driver.
INFO - 2024-05-01 00:24:22 --> Session: Class initialized using 'CodeIgniter\Session\Handlers\FileHandler' driver.
INFO - 2024-05-01 00:24:22 --> Session: Class initialized using 'CodeIgniter\Session\Handlers\FileHandler' driver.
INFO - 2024-05-01 00:24:42 --> Session: Class initialized using 'CodeIgniter\Session\Handlers\FileHandler' driver.
INFO - 2024-05-01 00:24:43 --> Session: Class initialized using 'CodeIgniter\Session\Handlers\FileHandler' driver.
INFO - 2024-05-01 00:24:43 --> Session: Class initialized using 'CodeIgniter\Session\Handlers\FileHandler' driver.
INFO - 2024-05-01 00:24:54 --> Session: Class initialized using 'CodeIgniter\Session\Handlers\FileHandler' driver.
INFO - 2024-05-01 00:24:55 --> Session: Class initialized using 'CodeIgniter\Session\Handlers\FileHandler' driver.
INFO - 2024-05-01 00:24:55 --> Session: Class initialized using 'CodeIgniter\Session\Handlers\FileHandler' driver.
INFO - 2024-05-01 00:25:08 --> Session: Class initialized using 'CodeIgniter\Session\Handlers\FileHandler' driver.
INFO - 2024-05-01 00:25:10 --> Session: Class initialized using 'CodeIgniter\Session\Handlers\FileHandler' driver.
INFO - 2024-05-01 00:25:11 --> Session: Class initialized using 'CodeIgniter\Session\Handlers\FileHandler' driver.
INFO - 2024-05-01 00:25:11 --> Session: Class initialized using 'CodeIgniter\Session\Handlers\FileHandler' driver.
INFO - 2024-05-01 00:25:18 --> Session: Class initialized using 'CodeIgniter\Session\Handlers\FileHandler' driver.
INFO - 2024-05-01 00:25:19 --> Session: Class initialized using 'CodeIgniter\Session\Handlers\FileHandler' driver.
INFO - 2024-05-01 00:25:19 --> Session: Class initialized using 'CodeIgniter\Session\Handlers\FileHandler' driver.
INFO - 2024-05-01 00:25:20 --> Session: Class initialized using 'CodeIgniter\Session\Handlers\FileHandler' driver.
INFO - 2024-05-01 00:27:35 --> Session: Class initialized using 'CodeIgniter\Session\Handlers\FileHandler' driver.
INFO - 2024-05-01 00:27:36 --> Session: Class initialized using 'CodeIgniter\Session\Handlers\FileHandler' driver.
INFO - 2024-05-01 00:27:37 --> Session: Class initialized using 'CodeIgniter\Session\Handlers\FileHandler' driver.
INFO - 2024-05-01 00:27:37 --> Session: Class initialized using 'CodeIgniter\Session\Handlers\FileHandler' driver.
INFO - 2024-05-01 00:28:02 --> Session: Class initialized using 'CodeIgniter\Session\Handlers\FileHandler' driver.
INFO - 2024-05-01 00:28:03 --> Session: Class initialized using 'CodeIgniter\Session\Handlers\FileHandler' driver.
INFO - 2024-05-01 00:28:05 --> Session: Class initialized using 'CodeIgniter\Session\Handlers\FileHandler' driver.
INFO - 2024-05-01 00:28:05 --> Session: Class initialized using 'CodeIgniter\Session\Handlers\FileHandler' driver.
INFO - 2024-05-01 00:28:05 --> Session: Class initialized using 'CodeIgniter\Session\Handlers\FileHandler' driver.
INFO - 2024-05-01 00:29:30 --> Session: Class initialized using 'CodeIgniter\Session\Handlers\FileHandler' driver.
INFO - 2024-05-01 00:29:32 --> Session: Class initialized using 'CodeIgniter\Session\Handlers\FileHandler' driver.
INFO - 2024-05-01 00:29:33 --> Session: Class initialized using 'CodeIgniter\Session\Handlers\FileHandler' driver.
INFO - 2024-05-01 00:29:33 --> Session: Class initialized using 'CodeIgniter\Session\Handlers\FileHandler' driver.
INFO - 2024-05-01 00:29:33 --> Session: Class initialized using 'CodeIgniter\Session\Handlers\FileHandler' driver.
INFO - 2024-05-01 00:29:42 --> Session: Class initialized using 'CodeIgniter\Session\Handlers\FileHandler' driver.
INFO - 2024-05-01 00:29:43 --> Session: Class initialized using 'CodeIgniter\Session\Handlers\FileHandler' driver.
INFO - 2024-05-01 00:29:44 --> Session: Class initialized using 'CodeIgniter\Session\Handlers\FileHandler' driver.
INFO - 2024-05-01 00:29:45 --> Session: Class initialized using 'CodeIgniter\Session\Handlers\FileHandler' driver.
INFO - 2024-05-01 00:29:45 --> Session: Class initialized using 'CodeIgniter\Session\Handlers\FileHandler' driver.
INFO - 2024-05-01 00:30:48 --> Session: Class initialized using 'CodeIgniter\Session\Handlers\FileHandler' driver.
INFO - 2024-05-01 00:30:48 --> Session: Class initialized using 'CodeIgniter\Session\Handlers\FileHandler' driver.
INFO - 2024-05-01 00:30:49 --> Session: Class initialized using 'CodeIgniter\Session\Handlers\FileHandler' driver.
INFO - 2024-05-01 00:30:49 --> Session: Class initialized using 'CodeIgniter\Session\Handlers\FileHandler' driver.
INFO - 2024-05-01 00:30:59 --> Session: Class initialized using 'CodeIgniter\Session\Handlers\FileHandler' driver.
INFO - 2024-05-01 00:31:00 --> Session: Class initialized using 'CodeIgniter\Session\Handlers\FileHandler' driver.
INFO - 2024-05-01 00:31:00 --> Session: Class initialized using 'CodeIgniter\Session\Handlers\FileHandler' driver.
INFO - 2024-05-01 00:31:00 --> Session: Class initialized using 'CodeIgniter\Session\Handlers\FileHandler' driver.
INFO - 2024-05-01 00:31:04 --> Session: Class initialized using 'CodeIgniter\Session\Handlers\FileHandler' driver.
INFO - 2024-05-01 00:31:05 --> Session: Class initialized using 'CodeIgniter\Session\Handlers\FileHandler' driver.
INFO - 2024-05-01 00:31:05 --> Session: Class initialized using 'CodeIgniter\Session\Handlers\FileHandler' driver.
INFO - 2024-05-01 00:31:12 --> Session: Class initialized using 'CodeIgniter\Session\Handlers\FileHandler' driver.
INFO - 2024-05-01 00:31:13 --> Session: Class initialized using 'CodeIgniter\Session\Handlers\FileHandler' driver.
INFO - 2024-05-01 00:31:13 --> Session: Class initialized using 'CodeIgniter\Session\Handlers\FileHandler' driver.
INFO - 2024-05-01 00:31:13 --> Session: Class initialized using 'CodeIgniter\Session\Handlers\FileHandler' driver.
INFO - 2024-05-01 00:31:20 --> Session: Class initialized using 'CodeIgniter\Session\Handlers\FileHandler' driver.
INFO - 2024-05-01 00:31:20 --> Session: Class initialized using 'CodeIgniter\Session\Handlers\FileHandler' driver.
INFO - 2024-05-01 00:31:22 --> REDIRECTED ROUTE at http://localhost:8080/app/modulo/cadastro
INFO - 2024-05-01 00:31:22 --> Session: Class initialized using 'CodeIgniter\Session\Handlers\FileHandler' driver.
INFO - 2024-05-01 00:31:23 --> Session: Class initialized using 'CodeIgniter\Session\Handlers\FileHandler' driver.
INFO - 2024-05-01 00:31:23 --> Session: Class initialized using 'CodeIgniter\Session\Handlers\FileHandler' driver.
INFO - 2024-05-01 00:31:34 --> Session: Class initialized using 'CodeIgniter\Session\Handlers\FileHandler' driver.
INFO - 2024-05-01 00:31:35 --> Session: Class initialized using 'CodeIgniter\Session\Handlers\FileHandler' driver.
ERROR - 2024-05-01 00:41:34 --> mysqli_sql_exception: Can't create table `bdapp_gestao`.`cad_profissao` (errno: 150 "Foreign key constraint is incorrectly formed") in D:\wamp64\www\AppGestao\vendor\codeigniter4\framework\system\Database\MySQLi\Connection.php:308
Stack trace:
#0 D:\wamp64\www\AppGestao\vendor\codeigniter4\framework\system\Database\MySQLi\Connection.php(308): mysqli->query('CREATE TABLE `c...', 0)
#1 D:\wamp64\www\AppGestao\vendor\codeigniter4\framework\system\Database\BaseConnection.php(722): CodeIgniter\Database\MySQLi\Connection->execute('CREATE TABLE `c...')
#2 D:\wamp64\www\AppGestao\vendor\codeigniter4\framework\system\Database\BaseConnection.php(636): CodeIgniter\Database\BaseConnection->simpleQuery('CREATE TABLE `c...')
#3 D:\wamp64\www\AppGestao\vendor\codeigniter4\framework\system\Database\Forge.php(570): CodeIgniter\Database\BaseConnection->query('CREATE TABLE `c...')
#4 D:\wamp64\www\AppGestao\app\Database\Migrations\2024-05-01-003228_Profissao.php(66): CodeIgniter\Database\Forge->createTable('cad_profissao', true, Array)
#5 D:\wamp64\www\AppGestao\vendor\codeigniter4\framework\system\Database\MigrationRunner.php(867): App\Database\Migrations\Profissao->up()
#6 D:\wamp64\www\AppGestao\vendor\codeigniter4\framework\system\Database\MigrationRunner.php(183): CodeIgniter\Database\MigrationRunner->migrate('up', Object(stdClass))
#7 D:\wamp64\www\AppGestao\vendor\codeigniter4\framework\system\Commands\Database\Migrate.php(85): CodeIgniter\Database\MigrationRunner->latest(NULL)
#8 D:\wamp64\www\AppGestao\vendor\codeigniter4\framework\system\CLI\Commands.php(70): CodeIgniter\Commands\Database\Migrate->run(Array)
#9 D:\wamp64\www\AppGestao\vendor\codeigniter4\framework\system\CLI\BaseCommand.php(119): CodeIgniter\CLI\Commands->run('migrate', Array)
#10 D:\wamp64\www\AppGestao\vendor\codeigniter4\framework\system\Commands\Database\MigrateRefresh.php(87): CodeIgniter\CLI\BaseCommand->call('migrate', Array)
#11 D:\wamp64\www\AppGestao\vendor\codeigniter4\framework\system\CLI\Commands.php(70): CodeIgniter\Commands\Database\MigrateRefresh->run(Array)
#12 D:\wamp64\www\AppGestao\vendor\codeigniter4\framework\system\CLI\Console.php(48): CodeIgniter\CLI\Commands->run('migrate:refresh', Array)
#13 D:\wamp64\www\AppGestao\vendor\codeigniter4\framework\system\Boot.php(338): CodeIgniter\CLI\Console->run()
#14 D:\wamp64\www\AppGestao\vendor\codeigniter4\framework\system\Boot.php(104): CodeIgniter\Boot::runCommand(Object(CodeIgniter\CLI\Console))
#15 D:\wamp64\www\AppGestao\spark(84): CodeIgniter\Boot::bootSpark(Object(Config\Paths))
#16 {main}
ERROR - 2024-05-01 00:45:05 --> mysqli_sql_exception: Can't create table `bdapp_gestao`.`cad_profissao` (errno: 150 "Foreign key constraint is incorrectly formed") in D:\wamp64\www\AppGestao\vendor\codeigniter4\framework\system\Database\MySQLi\Connection.php:308
Stack trace:
#0 D:\wamp64\www\AppGestao\vendor\codeigniter4\framework\system\Database\MySQLi\Connection.php(308): mysqli->query('CREATE TABLE `c...', 0)
#1 D:\wamp64\www\AppGestao\vendor\codeigniter4\framework\system\Database\BaseConnection.php(722): CodeIgniter\Database\MySQLi\Connection->execute('CREATE TABLE `c...')
#2 D:\wamp64\www\AppGestao\vendor\codeigniter4\framework\system\Database\BaseConnection.php(636): CodeIgniter\Database\BaseConnection->simpleQuery('CREATE TABLE `c...')
#3 D:\wamp64\www\AppGestao\vendor\codeigniter4\framework\system\Database\Forge.php(570): CodeIgniter\Database\BaseConnection->query('CREATE TABLE `c...')
#4 D:\wamp64\www\AppGestao\app\Database\Migrations\2024-05-01-003228_Profissao.php(62): CodeIgniter\Database\Forge->createTable('cad_profissao', true, Array)
#5 D:\wamp64\www\AppGestao\vendor\codeigniter4\framework\system\Database\MigrationRunner.php(867): App\Database\Migrations\Profissao->up()
#6 D:\wamp64\www\AppGestao\vendor\codeigniter4\framework\system\Database\MigrationRunner.php(183): CodeIgniter\Database\MigrationRunner->migrate('up', Object(stdClass))
#7 D:\wamp64\www\AppGestao\vendor\codeigniter4\framework\system\Commands\Database\Migrate.php(85): CodeIgniter\Database\MigrationRunner->latest(NULL)
#8 D:\wamp64\www\AppGestao\vendor\codeigniter4\framework\system\CLI\Commands.php(70): CodeIgniter\Commands\Database\Migrate->run(Array)
#9 D:\wamp64\www\AppGestao\vendor\codeigniter4\framework\system\CLI\BaseCommand.php(119): CodeIgniter\CLI\Commands->run('migrate', Array)
#10 D:\wamp64\www\AppGestao\vendor\codeigniter4\framework\system\Commands\Database\MigrateRefresh.php(87): CodeIgniter\CLI\BaseCommand->call('migrate', Array)
#11 D:\wamp64\www\AppGestao\vendor\codeigniter4\framework\system\CLI\Commands.php(70): CodeIgniter\Commands\Database\MigrateRefresh->run(Array)
#12 D:\wamp64\www\AppGestao\vendor\codeigniter4\framework\system\CLI\Console.php(48): CodeIgniter\CLI\Commands->run('migrate:refresh', Array)
#13 D:\wamp64\www\AppGestao\vendor\codeigniter4\framework\system\Boot.php(338): CodeIgniter\CLI\Console->run()
#14 D:\wamp64\www\AppGestao\vendor\codeigniter4\framework\system\Boot.php(104): CodeIgniter\Boot::runCommand(Object(CodeIgniter\CLI\Console))
#15 D:\wamp64\www\AppGestao\spark(84): CodeIgniter\Boot::bootSpark(Object(Config\Paths))
#16 {main}
INFO - 2024-05-01 00:51:38 --> Session: Class initialized using 'CodeIgniter\Session\Handlers\FileHandler' driver.
INFO - 2024-05-01 00:51:39 --> Session: Class initialized using 'CodeIgniter\Session\Handlers\FileHandler' driver.
INFO - 2024-05-01 00:52:53 --> Session: Class initialized using 'CodeIgniter\Session\Handlers\FileHandler' driver.
INFO - 2024-05-01 00:52:53 --> Session: Class initialized using 'CodeIgniter\Session\Handlers\FileHandler' driver.
INFO - 2024-05-01 00:53:13 --> Session: Class initialized using 'CodeIgniter\Session\Handlers\FileHandler' driver.
INFO - 2024-05-01 00:53:13 --> Session: Class initialized using 'CodeIgniter\Session\Handlers\FileHandler' driver.
INFO - 2024-05-01 00:53:23 --> Session: Class initialized using 'CodeIgniter\Session\Handlers\FileHandler' driver.
INFO - 2024-05-01 00:53:23 --> Session: Class initialized using 'CodeIgniter\Session\Handlers\FileHandler' driver.
INFO - 2024-05-01 00:54:11 --> Session: Class initialized using 'CodeIgniter\Session\Handlers\FileHandler' driver.
INFO - 2024-05-01 00:54:12 --> Session: Class initialized using 'CodeIgniter\Session\Handlers\FileHandler' driver.
INFO - 2024-05-01 00:55:40 --> Session: Class initialized using 'CodeIgniter\Session\Handlers\FileHandler' driver.
INFO - 2024-05-01 00:55:41 --> Session: Class initialized using 'CodeIgniter\Session\Handlers\FileHandler' driver.
INFO - 2024-05-01 00:55:56 --> Session: Class initialized using 'CodeIgniter\Session\Handlers\FileHandler' driver.
INFO - 2024-05-01 00:55:57 --> Session: Class initialized using 'CodeIgniter\Session\Handlers\FileHandler' driver.
INFO - 2024-05-01 00:56:56 --> Session: Class initialized using 'CodeIgniter\Session\Handlers\FileHandler' driver.
INFO - 2024-05-01 00:56:57 --> Session: Class initialized using 'CodeIgniter\Session\Handlers\FileHandler' driver.
INFO - 2024-05-01 00:56:58 --> Session: Class initialized using 'CodeIgniter\Session\Handlers\FileHandler' driver.
INFO - 2024-05-01 00:57:12 --> Session: Class initialized using 'CodeIgniter\Session\Handlers\FileHandler' driver.
INFO - 2024-05-01 00:57:13 --> Session: Class initialized using 'CodeIgniter\Session\Handlers\FileHandler' driver.
INFO - 2024-05-01 00:57:13 --> Session: Class initialized using 'CodeIgniter\Session\Handlers\FileHandler' driver.
INFO - 2024-05-01 00:57:53 --> Session: Class initialized using 'CodeIgniter\Session\Handlers\FileHandler' driver.
INFO - 2024-05-01 00:57:54 --> Session: Class initialized using 'CodeIgniter\Session\Handlers\FileHandler' driver.
INFO - 2024-05-01 00:57:54 --> Session: Class initialized using 'CodeIgniter\Session\Handlers\FileHandler' driver.
INFO - 2024-05-01 00:57:58 --> Session: Class initialized using 'CodeIgniter\Session\Handlers\FileHandler' driver.
INFO - 2024-05-01 00:57:59 --> Session: Class initialized using 'CodeIgniter\Session\Handlers\FileHandler' driver.
INFO - 2024-05-01 00:57:59 --> Session: Class initialized using 'CodeIgniter\Session\Handlers\FileHandler' driver.
INFO - 2024-05-01 00:57:59 --> Session: Class initialized using 'CodeIgniter\Session\Handlers\FileHandler' driver.
INFO - 2024-05-01 00:58:21 --> Session: Class initialized using 'CodeIgniter\Session\Handlers\FileHandler' driver.
INFO - 2024-05-01 00:58:22 --> Session: Class initialized using 'CodeIgniter\Session\Handlers\FileHandler' driver.
INFO - 2024-05-01 00:58:24 --> REDIRECTED ROUTE at http://localhost:8080/app/modulo/financeiro
INFO - 2024-05-01 00:58:24 --> Session: Class initialized using 'CodeIgniter\Session\Handlers\FileHandler' driver.
INFO - 2024-05-01 00:58:24 --> Session: Class initialized using 'CodeIgniter\Session\Handlers\FileHandler' driver.
INFO - 2024-05-01 00:58:25 --> Session: Class initialized using 'CodeIgniter\Session\Handlers\FileHandler' driver.
INFO - 2024-05-01 00:58:27 --> Session: Class initialized using 'CodeIgniter\Session\Handlers\FileHandler' driver.
INFO - 2024-05-01 00:58:28 --> Session: Class initialized using 'CodeIgniter\Session\Handlers\FileHandler' driver.
INFO - 2024-05-01 00:58:28 --> Session: Class initialized using 'CodeIgniter\Session\Handlers\FileHandler' driver.
INFO - 2024-05-01 00:58:31 --> Session: Class initialized using 'CodeIgniter\Session\Handlers\FileHandler' driver.
INFO - 2024-05-01 00:58:32 --> Session: Class initialized using 'CodeIgniter\Session\Handlers\FileHandler' driver.
ERROR - 2024-05-01 00:58:32 --> mysqli_sql_exception: Unknown column 'cad_pessoa.id_pessoa' in 'field list' in D:\wamp64\www\AppGestao\vendor\codeigniter4\framework\system\Database\MySQLi\Connection.php:308
Stack trace:
#0 D:\wamp64\www\AppGestao\vendor\codeigniter4\framework\system\Database\MySQLi\Connection.php(308): mysqli->query('SELECT `cad_pes...', 0)
#1 D:\wamp64\www\AppGestao\vendor\codeigniter4\framework\system\Database\BaseConnection.php(722): CodeIgniter\Database\MySQLi\Connection->execute('SELECT `cad_pes...')
#2 D:\wamp64\www\AppGestao\vendor\codeigniter4\framework\system\Database\BaseConnection.php(636): CodeIgniter\Database\BaseConnection->simpleQuery('SELECT `cad_pes...')
#3 D:\wamp64\www\AppGestao\vendor\codeigniter4\framework\system\Database\BaseBuilder.php(1629): CodeIgniter\Database\BaseConnection->query('SELECT `cad_pes...', Array, false)
#4 D:\wamp64\www\AppGestao\app\Models\Cadastro\PessoaModel.php(147): CodeIgniter\Database\BaseBuilder->get()
#5 D:\wamp64\www\AppGestao\app\Controllers\Api\v1\Cadastro\Pessoas.php(93): App\Models\Cadastro\PessoaModel->getFornecedores()
#6 D:\wamp64\www\AppGestao\vendor\codeigniter4\framework\system\CodeIgniter.php(933): App\Controllers\Api\v1\Cadastro\Pessoas->fornecedores()
#7 D:\wamp64\www\AppGestao\vendor\codeigniter4\framework\system\CodeIgniter.php(509): CodeIgniter\CodeIgniter->runController(Object(App\Controllers\Api\v1\Cadastro\Pessoas))
#8 D:\wamp64\www\AppGestao\vendor\codeigniter4\framework\system\CodeIgniter.php(355): CodeIgniter\CodeIgniter->handleRequest(NULL, Object(Config\Cache), false)
#9 D:\wamp64\www\AppGestao\vendor\codeigniter4\framework\system\Boot.php(312): CodeIgniter\CodeIgniter->run()
#10 D:\wamp64\www\AppGestao\vendor\codeigniter4\framework\system\Boot.php(67): CodeIgniter\Boot::runCodeIgniter(Object(CodeIgniter\CodeIgniter))
#11 D:\wamp64\www\AppGestao\public\index.php(56): CodeIgniter\Boot::bootWeb(Object(Config\Paths))
#12 D:\wamp64\www\AppGestao\vendor\codeigniter4\framework\system\Commands\Server\rewrite.php(49): require_once('D:\\wamp64\\www\\A...')
#13 {main}
CRITICAL - 2024-05-01 00:58:32 --> CodeIgniter\Database\Exceptions\DatabaseException: Unknown column 'cad_pessoa.id_pessoa' in 'field list'
[Method: GET, Route: api/cadastro/exibir/pessoas/fornecedores]
in SYSTEMPATH\Database\BaseConnection.php on line 676.
 1 SYSTEMPATH\Database\BaseBuilder.php(1629): CodeIgniter\Database\BaseConnection->query('SELECT `cad_pessoa`.`id_pessoa` AS `cod_pessoa`, `cad_pessoa`.`tipo_cliente` AS `cad_tipo`, `cad_pessoa`.`pes_nome` AS `cad_nome`, `cad_pessoa`.`status` AS `status`, `cad_pessoa`.`pes_padrao` AS `cad_padrao`
FROM `cad_pessoa`
WHERE `status` = :status:
AND `tipo_cliente` IN :tipo_cliente:
ORDER BY `pes_nome` ASC', [...], false)
 2 APPPATH\Models\Cadastro\PessoaModel.php(147): CodeIgniter\Database\BaseBuilder->get()
 3 APPPATH\Controllers\Api\v1\Cadastro\Pessoas.php(93): App\Models\Cadastro\PessoaModel->getFornecedores()
 4 SYSTEMPATH\CodeIgniter.php(933): App\Controllers\Api\v1\Cadastro\Pessoas->fornecedores()
 5 SYSTEMPATH\CodeIgniter.php(509): CodeIgniter\CodeIgniter->runController(Object(App\Controllers\Api\v1\Cadastro\Pessoas))
 6 SYSTEMPATH\CodeIgniter.php(355): CodeIgniter\CodeIgniter->handleRequest(null, Object(Config\Cache), false)
 7 SYSTEMPATH\Boot.php(312): CodeIgniter\CodeIgniter->run()
 8 SYSTEMPATH\Boot.php(67): CodeIgniter\Boot::runCodeIgniter(Object(CodeIgniter\CodeIgniter))
 9 FCPATH\index.php(56): CodeIgniter\Boot::bootWeb(Object(Config\Paths))
10 SYSTEMPATH\Commands\Server\rewrite.php(49): require_once('D:\\wamp64\\www\\AppGestao\\public\\index.php')
CRITICAL - 2024-05-01 00:58:32 --> [Caused by] CodeIgniter\Database\Exceptions\DatabaseException: Unknown column 'cad_pessoa.id_pessoa' in 'field list'
in SYSTEMPATH\Database\MySQLi\Connection.php on line 313.
 1 SYSTEMPATH\Database\BaseConnection.php(722): CodeIgniter\Database\MySQLi\Connection->execute('SELECT `cad_pessoa`.`id_pessoa` AS `cod_pessoa`, `cad_pessoa`.`tipo_cliente` AS `cad_tipo`, `cad_pessoa`.`pes_nome` AS `cad_nome`, `cad_pessoa`.`status` AS `status`, `cad_pessoa`.`pes_padrao` AS `cad_padrao`
FROM `cad_pessoa`
WHERE `status` = 1
AND `tipo_cliente` IN (\'2\',\'3\')
ORDER BY `pes_nome` ASC')
 2 SYSTEMPATH\Database\BaseConnection.php(636): CodeIgniter\Database\BaseConnection->simpleQuery('SELECT `cad_pessoa`.`id_pessoa` AS `cod_pessoa`, `cad_pessoa`.`tipo_cliente` AS `cad_tipo`, `cad_pessoa`.`pes_nome` AS `cad_nome`, `cad_pessoa`.`status` AS `status`, `cad_pessoa`.`pes_padrao` AS `cad_padrao`
FROM `cad_pessoa`
WHERE `status` = 1
AND `tipo_cliente` IN (\'2\',\'3\')
ORDER BY `pes_nome` ASC')
 3 SYSTEMPATH\Database\BaseBuilder.php(1629): CodeIgniter\Database\BaseConnection->query('SELECT `cad_pessoa`.`id_pessoa` AS `cod_pessoa`, `cad_pessoa`.`tipo_cliente` AS `cad_tipo`, `cad_pessoa`.`pes_nome` AS `cad_nome`, `cad_pessoa`.`status` AS `status`, `cad_pessoa`.`pes_padrao` AS `cad_padrao`
FROM `cad_pessoa`
WHERE `status` = :status:
AND `tipo_cliente` IN :tipo_cliente:
ORDER BY `pes_nome` ASC', [...], false)
 4 APPPATH\Models\Cadastro\PessoaModel.php(147): CodeIgniter\Database\BaseBuilder->get()
 5 APPPATH\Controllers\Api\v1\Cadastro\Pessoas.php(93): App\Models\Cadastro\PessoaModel->getFornecedores()
 6 SYSTEMPATH\CodeIgniter.php(933): App\Controllers\Api\v1\Cadastro\Pessoas->fornecedores()
 7 SYSTEMPATH\CodeIgniter.php(509): CodeIgniter\CodeIgniter->runController(Object(App\Controllers\Api\v1\Cadastro\Pessoas))
 8 SYSTEMPATH\CodeIgniter.php(355): CodeIgniter\CodeIgniter->handleRequest(null, Object(Config\Cache), false)
 9 SYSTEMPATH\Boot.php(312): CodeIgniter\CodeIgniter->run()
10 SYSTEMPATH\Boot.php(67): CodeIgniter\Boot::runCodeIgniter(Object(CodeIgniter\CodeIgniter))
11 FCPATH\index.php(56): CodeIgniter\Boot::bootWeb(Object(Config\Paths))
12 SYSTEMPATH\Commands\Server\rewrite.php(49): require_once('D:\\wamp64\\www\\AppGestao\\public\\index.php')
CRITICAL - 2024-05-01 00:58:32 --> [Caused by] mysqli_sql_exception: Unknown column 'cad_pessoa.id_pessoa' in 'field list'
in SYSTEMPATH\Database\MySQLi\Connection.php on line 308.
 1 SYSTEMPATH\Database\MySQLi\Connection.php(308): mysqli->query('SELECT `cad_pessoa`.`id_pessoa` AS `cod_pessoa`, `cad_pessoa`.`tipo_cliente` AS `cad_tipo`, `cad_pessoa`.`pes_nome` AS `cad_nome`, `cad_pessoa`.`status` AS `status`, `cad_pessoa`.`pes_padrao` AS `cad_padrao`
FROM `cad_pessoa`
WHERE `status` = 1
AND `tipo_cliente` IN (\'2\',\'3\')
ORDER BY `pes_nome` ASC', 0)
 2 SYSTEMPATH\Database\BaseConnection.php(722): CodeIgniter\Database\MySQLi\Connection->execute('SELECT `cad_pessoa`.`id_pessoa` AS `cod_pessoa`, `cad_pessoa`.`tipo_cliente` AS `cad_tipo`, `cad_pessoa`.`pes_nome` AS `cad_nome`, `cad_pessoa`.`status` AS `status`, `cad_pessoa`.`pes_padrao` AS `cad_padrao`
FROM `cad_pessoa`
WHERE `status` = 1
AND `tipo_cliente` IN (\'2\',\'3\')
ORDER BY `pes_nome` ASC')
 3 SYSTEMPATH\Database\BaseConnection.php(636): CodeIgniter\Database\BaseConnection->simpleQuery('SELECT `cad_pessoa`.`id_pessoa` AS `cod_pessoa`, `cad_pessoa`.`tipo_cliente` AS `cad_tipo`, `cad_pessoa`.`pes_nome` AS `cad_nome`, `cad_pessoa`.`status` AS `status`, `cad_pessoa`.`pes_padrao` AS `cad_padrao`
FROM `cad_pessoa`
WHERE `status` = 1
AND `tipo_cliente` IN (\'2\',\'3\')
ORDER BY `pes_nome` ASC')
 4 SYSTEMPATH\Database\BaseBuilder.php(1629): CodeIgniter\Database\BaseConnection->query('SELECT `cad_pessoa`.`id_pessoa` AS `cod_pessoa`, `cad_pessoa`.`tipo_cliente` AS `cad_tipo`, `cad_pessoa`.`pes_nome` AS `cad_nome`, `cad_pessoa`.`status` AS `status`, `cad_pessoa`.`pes_padrao` AS `cad_padrao`
FROM `cad_pessoa`
WHERE `status` = :status:
AND `tipo_cliente` IN :tipo_cliente:
ORDER BY `pes_nome` ASC', [...], false)
 5 APPPATH\Models\Cadastro\PessoaModel.php(147): CodeIgniter\Database\BaseBuilder->get()
 6 APPPATH\Controllers\Api\v1\Cadastro\Pessoas.php(93): App\Models\Cadastro\PessoaModel->getFornecedores()
 7 SYSTEMPATH\CodeIgniter.php(933): App\Controllers\Api\v1\Cadastro\Pessoas->fornecedores()
 8 SYSTEMPATH\CodeIgniter.php(509): CodeIgniter\CodeIgniter->runController(Object(App\Controllers\Api\v1\Cadastro\Pessoas))
 9 SYSTEMPATH\CodeIgniter.php(355): CodeIgniter\CodeIgniter->handleRequest(null, Object(Config\Cache), false)
10 SYSTEMPATH\Boot.php(312): CodeIgniter\CodeIgniter->run()
11 SYSTEMPATH\Boot.php(67): CodeIgniter\Boot::runCodeIgniter(Object(CodeIgniter\CodeIgniter))
12 FCPATH\index.php(56): CodeIgniter\Boot::bootWeb(Object(Config\Paths))
13 SYSTEMPATH\Commands\Server\rewrite.php(49): require_once('D:\\wamp64\\www\\AppGestao\\public\\index.php')
INFO - 2024-05-01 00:58:32 --> Session: Class initialized using 'CodeIgniter\Session\Handlers\FileHandler' driver.
INFO - 2024-05-01 00:58:35 --> Session: Class initialized using 'CodeIgniter\Session\Handlers\FileHandler' driver.
INFO - 2024-05-01 00:58:36 --> Session: Class initialized using 'CodeIgniter\Session\Handlers\FileHandler' driver.
INFO - 2024-05-01 00:58:40 --> REDIRECTED ROUTE at http://localhost:8080/app/modulo/cadastro
INFO - 2024-05-01 00:58:40 --> Session: Class initialized using 'CodeIgniter\Session\Handlers\FileHandler' driver.
INFO - 2024-05-01 00:58:40 --> Session: Class initialized using 'CodeIgniter\Session\Handlers\FileHandler' driver.
INFO - 2024-05-01 00:58:41 --> Session: Class initialized using 'CodeIgniter\Session\Handlers\FileHandler' driver.
INFO - 2024-05-01 00:58:43 --> Session: Class initialized using 'CodeIgniter\Session\Handlers\FileHandler' driver.
INFO - 2024-05-01 00:58:43 --> Session: Class initialized using 'CodeIgniter\Session\Handlers\FileHandler' driver.
INFO - 2024-05-01 00:58:44 --> Session: Class initialized using 'CodeIgniter\Session\Handlers\FileHandler' driver.
INFO - 2024-05-01 00:58:59 --> Session: Class initialized using 'CodeIgniter\Session\Handlers\FileHandler' driver.
INFO - 2024-05-01 00:59:01 --> Session: Class initialized using 'CodeIgniter\Session\Handlers\FileHandler' driver.
INFO - 2024-05-01 00:59:01 --> Session: Class initialized using 'CodeIgniter\Session\Handlers\FileHandler' driver.
INFO - 2024-05-01 00:59:02 --> Session: Class initialized using 'CodeIgniter\Session\Handlers\FileHandler' driver.
INFO - 2024-05-01 01:00:03 --> Session: Class initialized using 'CodeIgniter\Session\Handlers\FileHandler' driver.
INFO - 2024-05-01 01:00:04 --> Session: Class initialized using 'CodeIgniter\Session\Handlers\FileHandler' driver.
INFO - 2024-05-01 01:00:05 --> Session: Class initialized using 'CodeIgniter\Session\Handlers\FileHandler' driver.
INFO - 2024-05-01 01:00:14 --> Session: Class initialized using 'CodeIgniter\Session\Handlers\FileHandler' driver.
INFO - 2024-05-01 01:00:16 --> Session: Class initialized using 'CodeIgniter\Session\Handlers\FileHandler' driver.
INFO - 2024-05-01 01:00:17 --> Session: Class initialized using 'CodeIgniter\Session\Handlers\FileHandler' driver.
INFO - 2024-05-01 01:00:17 --> Session: Class initialized using 'CodeIgniter\Session\Handlers\FileHandler' driver.
INFO - 2024-05-01 01:00:21 --> Session: Class initialized using 'CodeIgniter\Session\Handlers\FileHandler' driver.
INFO - 2024-05-01 01:00:22 --> Session: Class initialized using 'CodeIgniter\Session\Handlers\FileHandler' driver.
INFO - 2024-05-01 01:00:22 --> Session: Class initialized using 'CodeIgniter\Session\Handlers\FileHandler' driver.
INFO - 2024-05-01 01:00:22 --> Session: Class initialized using 'CodeIgniter\Session\Handlers\FileHandler' driver.
ERROR - 2024-05-01 01:00:34 --> mysqli_sql_exception: Column 'pes_apelido' cannot be null in D:\wamp64\www\AppGestao\vendor\codeigniter4\framework\system\Database\MySQLi\Connection.php:308
Stack trace:
#0 D:\wamp64\www\AppGestao\vendor\codeigniter4\framework\system\Database\MySQLi\Connection.php(308): mysqli->query('INSERT INTO `ca...', 0)
#1 D:\wamp64\www\AppGestao\vendor\codeigniter4\framework\system\Database\BaseConnection.php(722): CodeIgniter\Database\MySQLi\Connection->execute('INSERT INTO `ca...')
#2 D:\wamp64\www\AppGestao\vendor\codeigniter4\framework\system\Database\BaseConnection.php(636): CodeIgniter\Database\BaseConnection->simpleQuery('INSERT INTO `ca...')
#3 D:\wamp64\www\AppGestao\vendor\codeigniter4\framework\system\Database\BaseBuilder.php(2325): CodeIgniter\Database\BaseConnection->query('INSERT INTO `ca...', Array, false)
#4 D:\wamp64\www\AppGestao\vendor\codeigniter4\framework\system\Model.php(383): CodeIgniter\Database\BaseBuilder->insert()
#5 D:\wamp64\www\AppGestao\vendor\codeigniter4\framework\system\BaseModel.php(840): CodeIgniter\Model->doInsert(Array)
#6 D:\wamp64\www\AppGestao\vendor\codeigniter4\framework\system\Model.php(791): CodeIgniter\BaseModel->insert(Array, false)
#7 D:\wamp64\www\AppGestao\vendor\codeigniter4\framework\system\BaseModel.php(751): CodeIgniter\Model->insert(Array, false)
#8 D:\wamp64\www\AppGestao\app\Controllers\Api\v1\Cadastro\Pessoas.php(214): CodeIgniter\BaseModel->save(Array)
#9 D:\wamp64\www\AppGestao\vendor\codeigniter4\framework\system\CodeIgniter.php(933): App\Controllers\Api\v1\Cadastro\Pessoas->save()
#10 D:\wamp64\www\AppGestao\vendor\codeigniter4\framework\system\CodeIgniter.php(509): CodeIgniter\CodeIgniter->runController(Object(App\Controllers\Api\v1\Cadastro\Pessoas))
#11 D:\wamp64\www\AppGestao\vendor\codeigniter4\framework\system\CodeIgniter.php(355): CodeIgniter\CodeIgniter->handleRequest(NULL, Object(Config\Cache), false)
#12 D:\wamp64\www\AppGestao\vendor\codeigniter4\framework\system\Boot.php(312): CodeIgniter\CodeIgniter->run()
#13 D:\wamp64\www\AppGestao\vendor\codeigniter4\framework\system\Boot.php(67): CodeIgniter\Boot::runCodeIgniter(Object(CodeIgniter\CodeIgniter))
#14 D:\wamp64\www\AppGestao\public\index.php(56): CodeIgniter\Boot::bootWeb(Object(Config\Paths))
#15 D:\wamp64\www\AppGestao\vendor\codeigniter4\framework\system\Commands\Server\rewrite.php(49): require_once('D:\\wamp64\\www\\A...')
#16 {main}
INFO - 2024-05-01 01:00:34 --> Session: Class initialized using 'CodeIgniter\Session\Handlers\FileHandler' driver.
INFO - 2024-05-01 01:00:35 --> Session: Class initialized using 'CodeIgniter\Session\Handlers\FileHandler' driver.
INFO - 2024-05-01 01:00:36 --> Session: Class initialized using 'CodeIgniter\Session\Handlers\FileHandler' driver.
INFO - 2024-05-01 01:00:36 --> Session: Class initialized using 'CodeIgniter\Session\Handlers\FileHandler' driver.
INFO - 2024-05-01 01:00:37 --> Session: Class initialized using 'CodeIgniter\Session\Handlers\FileHandler' driver.
